2024.08.01 11:38:56 INFO  Started: Metals version 1.3.4 in folders '/home/dgc7/proyects/scala/akka-fsm-example' for client Visual Studio Code 1.91.1.[0m
SLF4J(W): Class path contains multiple SLF4J providers.
SLF4J(W): Found provider [scribe.slf4j.ScribeServiceProvider@25ad709f]
SLF4J(W): Found provider [ch.qos.logback.classic.spi.LogbackServiceProvider@2fcc4703]
SLF4J(W): See https://www.slf4j.org/codes.html#multiple_bindings for an explanation.
SLF4J(I): Actual provider is of type [scribe.slf4j.ScribeServiceProvider@25ad709f]
2024.08.01 11:38:57 WARN  Flyway upgrade recommended: H2 2.3.230 is newer than this version of Flyway and support has not been tested. The latest supported version of H2 is 2.2.220.[0m
2024.08.01 11:39:06 INFO  no build target found for /home/dgc7/proyects/scala/akka-fsm-example/src/main/scala/InventoryFSM.scala. Using presentation compiler with project's scala-library version: 3.3.3[0m
2024.08.01 11:39:06 INFO  no build target found for /home/dgc7/proyects/scala/akka-fsm-example/src/main/scala/InventoryFSM.scala. Using presentation compiler with project's scala-library version: 3.3.3[0m
2024.08.01 11:39:08 INFO  no build target found for /home/dgc7/proyects/scala/akka-fsm-example/src/main/scala/InventoryFSM.scala. Using presentation compiler with project's scala-library version: 3.3.3[0m
2024.08.01 11:39:09 INFO  no build target found for /home/dgc7/proyects/scala/akka-fsm-example/src/main/scala/InventoryFSM.scala. Using presentation compiler with project's scala-library version: 3.3.3[0m
2024.08.01 11:39:10 INFO  no build target found for /home/dgc7/proyects/scala/akka-fsm-example/src/main/scala/InventoryFSM.scala. Using presentation compiler with project's scala-library version: 3.3.3[0m
2024.08.01 11:39:10 INFO  no build target found for /home/dgc7/proyects/scala/akka-fsm-example/src/main/scala/InventoryFSM.scala. Using presentation compiler with project's scala-library version: 3.3.3[0m
2024.08.01 11:39:12 INFO  no build target found for /home/dgc7/proyects/scala/akka-fsm-example/src/main/scala/InventoryFSM.scala. Using presentation compiler with project's scala-library version: 3.3.3[0m
Aug 01, 2024 11:39:12 AM scala.meta.internal.pc.CompilerAccess handleError
SEVERE: A severe compiler error occurred, full details of the error can be found in the error report /home/dgc7/proyects/scala/akka-fsm-example/.metals/.reports/metals-full/2024-08-01/r_compiler-error_11-39-12-565.md
2024.08.01 11:39:12 INFO  no build target found for /home/dgc7/proyects/scala/akka-fsm-example/src/main/scala/InventoryFSM.scala. Using presentation compiler with project's scala-library version: 3.3.3[0m
Aug 01, 2024 11:39:13 AM scala.meta.internal.pc.CompilerAccess handleError
SEVERE: A severe compiler error occurred, full details of the error can be found in the error report /home/dgc7/proyects/scala/akka-fsm-example/.metals/.reports/metals-full/2024-08-01/r_compiler-error_11-39-13-436.md
2024.08.01 11:39:13 INFO  no build target found for /home/dgc7/proyects/scala/akka-fsm-example/src/main/scala/InventoryFSM.scala. Using presentation compiler with project's scala-library version: 3.3.3[0m
2024.08.01 11:39:12 INFO  time: code lens generation in 3.21s[0m
2024.08.01 11:39:13 INFO  no build target found for /home/dgc7/proyects/scala/akka-fsm-example/src/main/scala/InventoryFSM.scala. Using presentation compiler with project's scala-library version: 3.3.3[0m
Aug 01, 2024 11:39:14 AM scala.meta.internal.pc.CompilerAccess handleError
SEVERE: A severe compiler error occurred, full details of the error can be found in the error report /home/dgc7/proyects/scala/akka-fsm-example/.metals/.reports/metals-full/2024-08-01/r_compiler-error_11-39-14-302.md
2024.08.01 11:39:13 INFO  time: code lens generation in 6.04s[0m
2024.08.01 11:39:13 INFO  no build target found for /home/dgc7/proyects/scala/akka-fsm-example/src/main/scala/InventoryFSM.scala. Using presentation compiler with project's scala-library version: 3.3.3[0m
2024.08.01 11:39:15 INFO  no build target found for /home/dgc7/proyects/scala/akka-fsm-example/src/main/scala/InventoryFSM.scala. Using presentation compiler with project's scala-library version: 3.3.3[0m
2024.08.01 11:39:15 INFO  no build target found for /home/dgc7/proyects/scala/akka-fsm-example/src/main/scala/InventoryFSM.scala. Using presentation compiler with project's scala-library version: 3.3.3[0m
2024.08.01 11:39:18 INFO  no build target found for /home/dgc7/proyects/scala/akka-fsm-example/src/main/scala/InventoryFSM.scala. Using presentation compiler with project's scala-library version: 3.3.3[0m
2024.08.01 11:39:18 INFO  no build target found for /home/dgc7/proyects/scala/akka-fsm-example/src/main/scala/InventoryFSM.scala. Using presentation compiler with project's scala-library version: 3.3.3[0m
2024.08.01 11:39:19 INFO  no build target found for /home/dgc7/proyects/scala/akka-fsm-example/src/main/scala/InventoryFSM.scala. Using presentation compiler with project's scala-library version: 3.3.3[0m
2024.08.01 11:39:19 INFO  no build target found for /home/dgc7/proyects/scala/akka-fsm-example/src/main/scala/InventoryFSM.scala. Using presentation compiler with project's scala-library version: 3.3.3[0m
2024.08.01 11:39:24 INFO  no build target found for /home/dgc7/proyects/scala/akka-fsm-example/src/main/scala/InventoryFSM.scala. Using presentation compiler with project's scala-library version: 3.3.3[0m
2024.08.01 11:39:38 INFO  no build target found for /home/dgc7/proyects/scala/akka-fsm-example/src/main/scala/InventoryFSM.scala. Using presentation compiler with project's scala-library version: 3.3.3[0m
2024.08.01 11:39:39 INFO  no build target found for /home/dgc7/proyects/scala/akka-fsm-example/src/main/scala/InventoryFSM.scala. Using presentation compiler with project's scala-library version: 3.3.3[0m
2024.08.01 11:39:39 INFO  no build target found for /home/dgc7/proyects/scala/akka-fsm-example/src/main/scala/InventoryFSM.scala. Using presentation compiler with project's scala-library version: 3.3.3[0m
Aug 01, 2024 11:39:39 AM scala.meta.internal.pc.CompilerAccess handleError
SEVERE: A severe compiler error occurred, full details of the error can be found in the error report /home/dgc7/proyects/scala/akka-fsm-example/.metals/.reports/metals-full/2024-08-01/r_compiler-error_11-39-39-590.md
2024.08.01 11:39:42 INFO  no build target found for /home/dgc7/proyects/scala/akka-fsm-example/src/main/scala/InventoryFSM.scala. Using presentation compiler with project's scala-library version: 3.3.3[0m
2024.08.01 11:39:43 INFO  no build target found for /home/dgc7/proyects/scala/akka-fsm-example/src/test/scala/InventoryFSMTest.scala. Using presentation compiler with project's scala-library version: 3.3.3[0m
2024.08.01 11:39:43 INFO  no build target found for /home/dgc7/proyects/scala/akka-fsm-example/src/test/scala/InventoryFSMTest.scala. Using presentation compiler with project's scala-library version: 3.3.3[0m
2024.08.01 11:39:44 INFO  no build target found for /home/dgc7/proyects/scala/akka-fsm-example/src/test/scala/InventoryFSMTest.scala. Using presentation compiler with project's scala-library version: 3.3.3[0m
2024.08.01 11:39:44 INFO  no build target found for /home/dgc7/proyects/scala/akka-fsm-example/src/test/scala/InventoryFSMTest.scala. Using presentation compiler with project's scala-library version: 3.3.3[0m
2024.08.01 11:39:48 INFO  no build target found for /home/dgc7/proyects/scala/akka-fsm-example/src/test/scala/InventoryFSMTest.scala. Using presentation compiler with project's scala-library version: 3.3.3[0m
2024.08.01 11:39:48 INFO  no build target found for /home/dgc7/proyects/scala/akka-fsm-example/src/main/scala/InventoryFSM.scala. Using presentation compiler with project's scala-library version: 3.3.3[0m
2024.08.01 11:39:48 INFO  no build target found for /home/dgc7/proyects/scala/akka-fsm-example/src/main/scala/InventoryFSM.scala. Using presentation compiler with project's scala-library version: 3.3.3[0m
Aug 01, 2024 11:39:48 AM scala.meta.internal.pc.CompilerAccess handleError
SEVERE: A severe compiler error occurred, full details of the error can be found in the error report /home/dgc7/proyects/scala/akka-fsm-example/.metals/.reports/metals-full/2024-08-01/r_compiler-error_11-39-48-317.md
2024.08.01 11:39:48 INFO  no build target found for /home/dgc7/proyects/scala/akka-fsm-example/src/main/scala/InventoryFSM.scala. Using presentation compiler with project's scala-library version: 3.3.3[0m
Aug 01, 2024 11:39:49 AM scala.meta.internal.pc.CompilerAccess handleError
SEVERE: A severe compiler error occurred, full details of the error can be found in the error report /home/dgc7/proyects/scala/akka-fsm-example/.metals/.reports/metals-full/2024-08-01/r_compiler-error_11-39-49-050.md
2024.08.01 11:39:50 INFO  no build target found for /home/dgc7/proyects/scala/akka-fsm-example/src/main/scala/InventoryFSM.scala. Using presentation compiler with project's scala-library version: 3.3.3[0m
2024.08.01 11:39:50 INFO  no build target found for /home/dgc7/proyects/scala/akka-fsm-example/src/main/scala/InventoryFSM.scala. Using presentation compiler with project's scala-library version: 3.3.3[0m
Aug 01, 2024 11:39:50 AM scala.meta.internal.pc.CompilerAccess handleError
SEVERE: A severe compiler error occurred, full details of the error can be found in the error report /home/dgc7/proyects/scala/akka-fsm-example/.metals/.reports/metals-full/2024-08-01/r_compiler-error_11-39-50-683.md
2024.08.01 11:39:51 INFO  no build target found for /home/dgc7/proyects/scala/akka-fsm-example/src/main/scala/InventoryFSM.scala. Using presentation compiler with project's scala-library version: 3.3.3[0m
2024.08.01 11:39:59 INFO  no build target found for /home/dgc7/proyects/scala/akka-fsm-example/src/main/scala/InventoryFSM.scala. Using presentation compiler with project's scala-library version: 3.3.3[0m
Aug 01, 2024 11:39:59 AM scala.meta.internal.pc.CompilerAccess handleError
SEVERE: A severe compiler error occurred, full details of the error can be found in the error report /home/dgc7/proyects/scala/akka-fsm-example/.metals/.reports/metals-full/2024-08-01/r_compiler-error_11-39-59-088.md
2024.08.01 11:39:59 INFO  no build target found for /home/dgc7/proyects/scala/akka-fsm-example/src/main/scala/InventoryFSM.scala. Using presentation compiler with project's scala-library version: 3.3.3[0m
2024.08.01 11:40:00 INFO  no build target found for /home/dgc7/proyects/scala/akka-fsm-example/src/main/scala/InventoryFSM.scala. Using presentation compiler with project's scala-library version: 3.3.3[0m
2024.08.01 11:40:00 INFO  no build target found for /home/dgc7/proyects/scala/akka-fsm-example/src/main/scala/InventoryFSM.scala. Using presentation compiler with project's scala-library version: 3.3.3[0m
2024.08.01 11:40:00 INFO  no build target found for /home/dgc7/proyects/scala/akka-fsm-example/src/main/scala/InventoryFSM.scala. Using presentation compiler with project's scala-library version: 3.3.3[0m
2024.08.01 11:40:03 INFO  no build target found for /home/dgc7/proyects/scala/akka-fsm-example/src/main/scala/InventoryFSM.scala. Using presentation compiler with project's scala-library version: 3.3.3[0m
2024.08.01 11:41:00 INFO  no build target found for /home/dgc7/proyects/scala/akka-fsm-example/src/main/scala/InventoryFSM.scala. Using presentation compiler with project's scala-library version: 3.3.3[0m
2024.08.01 11:41:01 INFO  no build target found for /home/dgc7/proyects/scala/akka-fsm-example/src/main/scala/InventoryFSM.scala. Using presentation compiler with project's scala-library version: 3.3.3[0m
2024.08.01 11:41:01 INFO  no build target found for /home/dgc7/proyects/scala/akka-fsm-example/src/main/scala/InventoryFSM.scala. Using presentation compiler with project's scala-library version: 3.3.3[0m
2024.08.01 11:41:01 INFO  no build target found for /home/dgc7/proyects/scala/akka-fsm-example/src/main/scala/InventoryFSM.scala. Using presentation compiler with project's scala-library version: 3.3.3[0m
2024.08.01 11:41:02 INFO  no build target found for /home/dgc7/proyects/scala/akka-fsm-example/src/main/scala/InventoryFSM.scala. Using presentation compiler with project's scala-library version: 3.3.3[0m
2024.08.01 11:41:02 INFO  no build target found for /home/dgc7/proyects/scala/akka-fsm-example/src/main/scala/InventoryFSM.scala. Using presentation compiler with project's scala-library version: 3.3.3[0m
2024.08.01 11:41:04 INFO  no build target found for /home/dgc7/proyects/scala/akka-fsm-example/src/main/scala/InventoryFSM.scala. Using presentation compiler with project's scala-library version: 3.3.3[0m
2024.08.01 11:41:04 INFO  no build target found for /home/dgc7/proyects/scala/akka-fsm-example/src/main/scala/InventoryFSM.scala. Using presentation compiler with project's scala-library version: 3.3.3[0m
2024.08.01 11:41:04 INFO  no build target found for /home/dgc7/proyects/scala/akka-fsm-example/src/main/scala/InventoryFSM.scala. Using presentation compiler with project's scala-library version: 3.3.3[0m
2024.08.01 11:41:10 INFO  no build target found for /home/dgc7/proyects/scala/akka-fsm-example/src/main/scala/InventoryFSM.scala. Using presentation compiler with project's scala-library version: 3.3.3[0m
2024.08.01 11:41:11 INFO  no build target found for /home/dgc7/proyects/scala/akka-fsm-example/src/main/scala/InventoryFSM.scala. Using presentation compiler with project's scala-library version: 3.3.3[0m
2024.08.01 11:41:13 INFO  no build target found for /home/dgc7/proyects/scala/akka-fsm-example/src/main/scala/InventoryFSM.scala. Using presentation compiler with project's scala-library version: 3.3.3[0m
2024.08.01 11:41:15 INFO  no build target found for /home/dgc7/proyects/scala/akka-fsm-example/src/main/scala/InventoryFSM.scala. Using presentation compiler with project's scala-library version: 3.3.3[0m
Aug 01, 2024 11:41:15 AM scala.meta.internal.pc.CompilerAccess handleError
SEVERE: A severe compiler error occurred, full details of the error can be found in the error report /home/dgc7/proyects/scala/akka-fsm-example/.metals/.reports/metals-full/2024-08-01/r_compiler-error_11-41-15-153.md
2024.08.01 11:41:15 INFO  no build target found for /home/dgc7/proyects/scala/akka-fsm-example/src/main/scala/InventoryFSM.scala. Using presentation compiler with project's scala-library version: 3.3.3[0m
Aug 01, 2024 11:41:15 AM scala.meta.internal.pc.CompilerAccess handleError
SEVERE: A severe compiler error occurred, full details of the error can be found in the error report /home/dgc7/proyects/scala/akka-fsm-example/.metals/.reports/metals-full/2024-08-01/r_compiler-error_11-41-15-388.md
2024.08.01 11:41:15 INFO  no build target found for /home/dgc7/proyects/scala/akka-fsm-example/src/main/scala/InventoryFSM.scala. Using presentation compiler with project's scala-library version: 3.3.3[0m
2024.08.01 11:41:15 INFO  no build target found for /home/dgc7/proyects/scala/akka-fsm-example/src/main/scala/InventoryFSM.scala. Using presentation compiler with project's scala-library version: 3.3.3[0m
Aug 01, 2024 11:41:15 AM scala.meta.internal.pc.CompilerAccess handleError
SEVERE: A severe compiler error occurred, full details of the error can be found in the error report /home/dgc7/proyects/scala/akka-fsm-example/.metals/.reports/metals-full/2024-08-01/r_compiler-error_11-41-15-645.md
2024.08.01 11:41:15 INFO  no build target found for /home/dgc7/proyects/scala/akka-fsm-example/src/main/scala/InventoryFSM.scala. Using presentation compiler with project's scala-library version: 3.3.3[0m
Aug 01, 2024 11:41:15 AM scala.meta.internal.pc.CompilerAccess handleError
SEVERE: A severe compiler error occurred, full details of the error can be found in the error report /home/dgc7/proyects/scala/akka-fsm-example/.metals/.reports/metals-full/2024-08-01/r_compiler-error_11-41-15-859.md
2024.08.01 11:41:15 INFO  no build target found for /home/dgc7/proyects/scala/akka-fsm-example/src/main/scala/InventoryFSM.scala. Using presentation compiler with project's scala-library version: 3.3.3[0m
2024.08.01 11:41:16 INFO  no build target found for /home/dgc7/proyects/scala/akka-fsm-example/src/main/scala/InventoryFSM.scala. Using presentation compiler with project's scala-library version: 3.3.3[0m
2024.08.01 11:46:08 INFO  no build target found for /home/dgc7/proyects/scala/akka-fsm-example/src/main/scala/InventoryFSM.scala. Using presentation compiler with project's scala-library version: 3.3.3[0m
Aug 01, 2024 11:46:08 AM scala.meta.internal.pc.CompilerAccess handleError
SEVERE: A severe compiler error occurred, full details of the error can be found in the error report /home/dgc7/proyects/scala/akka-fsm-example/.metals/.reports/metals-full/2024-08-01/r_compiler-error_11-46-08-347.md
2024.08.01 11:46:09 INFO  no build target found for /home/dgc7/proyects/scala/akka-fsm-example/src/main/scala/InventoryFSM.scala. Using presentation compiler with project's scala-library version: 3.3.3[0m
Aug 01, 2024 11:46:10 AM scala.meta.internal.pc.CompilerAccess handleError
SEVERE: A severe compiler error occurred, full details of the error can be found in the error report /home/dgc7/proyects/scala/akka-fsm-example/.metals/.reports/metals-full/2024-08-01/r_compiler-error_11-46-10-163.md
2024.08.01 11:46:11 INFO  no build target found for /home/dgc7/proyects/scala/akka-fsm-example/src/main/scala/InventoryFSM.scala. Using presentation compiler with project's scala-library version: 3.3.3[0m
2024.08.01 11:46:11 INFO  no build target found for /home/dgc7/proyects/scala/akka-fsm-example/build.sbt. Using presentation compiler with project's scala-library version: 3.3.3[0m
2024.08.01 11:46:11 INFO  no build target found for /home/dgc7/proyects/scala/akka-fsm-example/build.sbt. Using presentation compiler with project's scala-library version: 3.3.3[0m
2024.08.01 11:46:11 WARN  Could not find semantic tokens for: file:///home/dgc7/proyects/scala/akka-fsm-example/build.sbt[0m
2024.08.01 11:46:12 INFO  no build target found for /home/dgc7/proyects/scala/akka-fsm-example/build.sbt. Using presentation compiler with project's scala-library version: 3.3.3[0m
2024.08.01 11:46:12 INFO  no build target found for /home/dgc7/proyects/scala/akka-fsm-example/build.sbt. Using presentation compiler with project's scala-library version: 3.3.3[0m
2024.08.01 11:46:16 INFO  no build target found for /home/dgc7/proyects/scala/akka-fsm-example/build.sbt. Using presentation compiler with project's scala-library version: 3.3.3[0m
2024.08.01 11:46:28 INFO  no build target found for /home/dgc7/proyects/scala/akka-fsm-example/build.sbt. Using presentation compiler with project's scala-library version: 3.3.3[0m
2024.08.01 11:46:32 INFO  no build target found for /home/dgc7/proyects/scala/akka-fsm-example/build.sbt. Using presentation compiler with project's scala-library version: 3.3.3[0m
2024.08.01 11:46:33 INFO  no build target found for /home/dgc7/proyects/scala/akka-fsm-example/build.sbt. Using presentation compiler with project's scala-library version: 3.3.3[0m
2024.08.01 11:46:35 INFO  no build target found for /home/dgc7/proyects/scala/akka-fsm-example/build.sbt. Using presentation compiler with project's scala-library version: 3.3.3[0m
2024.08.01 11:46:35 INFO  no build target found for /home/dgc7/proyects/scala/akka-fsm-example/build.sbt. Using presentation compiler with project's scala-library version: 3.3.3[0m
2024.08.01 11:46:35 INFO  no build target found for /home/dgc7/proyects/scala/akka-fsm-example/build.sbt. Using presentation compiler with project's scala-library version: 3.3.3[0m
2024.08.01 11:46:35 WARN  Could not find semantic tokens for: file:///home/dgc7/proyects/scala/akka-fsm-example/build.sbt[0m
2024.08.01 11:46:36 INFO  no build target found for /home/dgc7/proyects/scala/akka-fsm-example/build.sbt. Using presentation compiler with project's scala-library version: 3.3.3[0m
2024.08.01 11:46:36 INFO  no build target found for /home/dgc7/proyects/scala/akka-fsm-example/build.sbt. Using presentation compiler with project's scala-library version: 3.3.3[0m
2024.08.01 11:46:36 INFO  no build target found for /home/dgc7/proyects/scala/akka-fsm-example/build.sbt. Using presentation compiler with project's scala-library version: 3.3.3[0m
2024.08.01 11:46:36 WARN  Could not find semantic tokens for: file:///home/dgc7/proyects/scala/akka-fsm-example/build.sbt[0m
2024.08.01 11:46:36 INFO  no build target found for /home/dgc7/proyects/scala/akka-fsm-example/build.sbt. Using presentation compiler with project's scala-library version: 3.3.3[0m
2024.08.01 11:46:38 INFO  no build target found for /home/dgc7/proyects/scala/akka-fsm-example/build.sbt. Using presentation compiler with project's scala-library version: 3.3.3[0m
2024.08.01 11:46:38 INFO  no build target found for /home/dgc7/proyects/scala/akka-fsm-example/build.sbt. Using presentation compiler with project's scala-library version: 3.3.3[0m
2024.08.01 11:46:38 INFO  no build target found for /home/dgc7/proyects/scala/akka-fsm-example/build.sbt. Using presentation compiler with project's scala-library version: 3.3.3[0m
2024.08.01 11:46:38 WARN  Could not find semantic tokens for: file:///home/dgc7/proyects/scala/akka-fsm-example/build.sbt[0m
2024.08.01 11:46:40 INFO  no build target found for /home/dgc7/proyects/scala/akka-fsm-example/build.sbt. Using presentation compiler with project's scala-library version: 3.3.3[0m
2024.08.01 11:46:44 INFO  no build target found for /home/dgc7/proyects/scala/akka-fsm-example/build.sbt. Using presentation compiler with project's scala-library version: 3.3.3[0m
2024.08.01 11:46:44 INFO  no build target found for /home/dgc7/proyects/scala/akka-fsm-example/build.sbt. Using presentation compiler with project's scala-library version: 3.3.3[0m
2024.08.01 11:46:44 INFO  no build target found for /home/dgc7/proyects/scala/akka-fsm-example/build.sbt. Using presentation compiler with project's scala-library version: 3.3.3[0m
2024.08.01 11:46:44 INFO  no build target found for /home/dgc7/proyects/scala/akka-fsm-example/build.sbt. Using presentation compiler with project's scala-library version: 3.3.3[0m
2024.08.01 11:46:44 WARN  Could not find semantic tokens for: file:///home/dgc7/proyects/scala/akka-fsm-example/build.sbt[0m
2024.08.01 11:46:49 WARN  no build target for: /home/dgc7/proyects/scala/akka-fsm-example/build.sbt[0m
2024.08.01 11:46:49 INFO  no build target found for /home/dgc7/proyects/scala/akka-fsm-example/build.sbt. Using presentation compiler with project's scala-library version: 3.3.3[0m
2024.08.01 11:46:49 WARN  Could not find semantic tokens for: file:///home/dgc7/proyects/scala/akka-fsm-example/build.sbt[0m
2024.08.01 11:46:49 INFO  no build target found for /home/dgc7/proyects/scala/akka-fsm-example/build.sbt. Using presentation compiler with project's scala-library version: 3.3.3[0m
2024.08.01 11:46:49 WARN  Could not find semantic tokens for: file:///home/dgc7/proyects/scala/akka-fsm-example/build.sbt[0m
2024.08.01 11:46:58 INFO  running '/usr/local/bin/sbt -Dbloop.export-jar-classifiers=sources bloopInstall'[0m
2024.08.01 11:46:59 ERROR Picked up _JAVA_OPTIONS: -Dawt.useSystemAAFontSettings=on -Dswing.aatext=true[0m
2024.08.01 11:46:59 ERROR Picked up _JAVA_OPTIONS: -Dawt.useSystemAAFontSettings=on -Dswing.aatext=true[0m
2024.08.01 11:46:59 WARN  no build target for: /home/dgc7/proyects/scala/akka-fsm-example/project/metals.sbt[0m
2024.08.01 11:46:59 INFO  no build target found for /home/dgc7/proyects/scala/akka-fsm-example/project/metals.sbt. Using presentation compiler with project's scala-library version: 3.3.3[0m
2024.08.01 11:46:59 INFO  no build target found for /home/dgc7/proyects/scala/akka-fsm-example/build.sbt. Using presentation compiler with project's scala-library version: 3.3.3[0m
2024.08.01 11:46:59 WARN  Could not find semantic tokens for: file:///home/dgc7/proyects/scala/akka-fsm-example/build.sbt[0m
2024.08.01 11:47:00 INFO  [info] welcome to sbt 1.9.9 (Debian Java 17.0.8)[0m
2024.08.01 11:47:03 INFO  [info] loading settings for project akka-fsm-example-build-build from metals.sbt ...[0m
2024.08.01 11:47:03 INFO  [info] loading project definition from /home/dgc7/proyects/scala/akka-fsm-example/project/project[0m
2024.08.01 11:47:05 INFO  [info] loading settings for project akka-fsm-example-build from metals.sbt ...[0m
2024.08.01 11:47:05 INFO  [info] loading project definition from /home/dgc7/proyects/scala/akka-fsm-example/project[0m
2024.08.01 11:47:08 INFO  [success] Generated .bloop/akka-fsm-example-build.json[0m
2024.08.01 11:47:08 INFO  [success] Total time: 2 s, completed Aug 1, 2024, 11:47:08 AM[0m
2024.08.01 11:47:10 INFO  [info] loading settings for project akka-fsm-example from build.sbt ...[0m
2024.08.01 11:47:10 INFO  [info] set current project to akka-fsm-example (in build file:/home/dgc7/proyects/scala/akka-fsm-example/)[0m
2024.08.01 11:47:12 INFO  [warn] [0m
2024.08.01 11:47:12 INFO  [warn] 	Note: Unresolved dependencies path:[0m
2024.08.01 11:47:12 INFO  [error] Couldn't run bloopGenerate. The issue could be caused by failing to compile the project.[0m
2024.08.01 11:47:12 INFO  [error] sbt.librarymanagement.ResolveException: Error downloading org.apache.pekko:pekko-actor_2.13:2.8.0[0m
2024.08.01 11:47:12 INFO  [error]   Not found[0m
2024.08.01 11:47:12 INFO  [error]   Not found[0m
2024.08.01 11:47:12 INFO  [error]   not found: /home/dgc7/.ivy2/local/org.apache.pekko/pekko-actor_2.13/2.8.0/ivys/ivy.xml[0m
2024.08.01 11:47:12 INFO  [error]   not found: https://repo1.maven.org/maven2/org/apache/pekko/pekko-actor_2.13/2.8.0/pekko-actor_2.13-2.8.0.pom[0m
2024.08.01 11:47:12 INFO  [error] 	at lmcoursier.CoursierDependencyResolution.unresolvedWarningOrThrow(CoursierDependencyResolution.scala:344)[0m
2024.08.01 11:47:12 INFO  [error] 	at lmcoursier.CoursierDependencyResolution.$anonfun$update$38(CoursierDependencyResolution.scala:313)[0m
2024.08.01 11:47:12 INFO  [error] 	at scala.util.Either$LeftProjection.map(Either.scala:573)[0m
2024.08.01 11:47:12 INFO  [error] 	at lmcoursier.CoursierDependencyResolution.update(CoursierDependencyResolution.scala:313)[0m
2024.08.01 11:47:12 INFO  [error] 	at sbt.librarymanagement.DependencyResolution.update(DependencyResolution.scala:60)[0m
2024.08.01 11:47:12 INFO  [error] 	at sbt.internal.LibraryManagement$.resolve$1(LibraryManagement.scala:60)[0m
2024.08.01 11:47:12 INFO  [error] 	at sbt.internal.LibraryManagement$.$anonfun$cachedUpdate$12(LibraryManagement.scala:134)[0m
2024.08.01 11:47:12 INFO  [error] 	at sbt.util.Tracked$.$anonfun$lastOutput$1(Tracked.scala:74)[0m
2024.08.01 11:47:12 INFO  [error] 	at sbt.internal.LibraryManagement$.$anonfun$cachedUpdate$20(LibraryManagement.scala:147)[0m
2024.08.01 11:47:12 INFO  [error] 	at scala.util.control.Exception$Catch.apply(Exception.scala:228)[0m
2024.08.01 11:47:12 INFO  [error] 	at sbt.internal.LibraryManagement$.$anonfun$cachedUpdate$11(LibraryManagement.scala:147)[0m
2024.08.01 11:47:12 INFO  [error] 	at sbt.internal.LibraryManagement$.$anonfun$cachedUpdate$11$adapted(LibraryManagement.scala:128)[0m
2024.08.01 11:47:12 INFO  [error] 	at sbt.util.Tracked$.$anonfun$inputChangedW$1(Tracked.scala:220)[0m
2024.08.01 11:47:12 INFO  [error] 	at sbt.internal.LibraryManagement$.cachedUpdate(LibraryManagement.scala:161)[0m
2024.08.01 11:47:12 INFO  [error] 	at sbt.Classpaths$.$anonfun$updateTask0$1(Defaults.scala:3801)[0m
2024.08.01 11:47:12 INFO  [error] 	at scala.Function1.$anonfun$compose$1(Function1.scala:49)[0m
2024.08.01 11:47:12 INFO  [error] 	at sbt.internal.util.$tilde$greater.$anonfun$$u2219$1(TypeFunctions.scala:63)[0m
2024.08.01 11:47:12 INFO  [error] 	at sbt.std.Transform$$anon$4.work(Transform.scala:69)[0m
2024.08.01 11:47:12 INFO  [error] 	at sbt.Execute.$anonfun$submit$2(Execute.scala:283)[0m
2024.08.01 11:47:12 INFO  [error] 	at sbt.internal.util.ErrorHandling$.wideConvert(ErrorHandling.scala:24)[0m
2024.08.01 11:47:12 INFO  [error] 	at sbt.Execute.work(Execute.scala:292)[0m
2024.08.01 11:47:12 INFO  [error] 	at sbt.Execute.$anonfun$submit$1(Execute.scala:283)[0m
2024.08.01 11:47:12 INFO  [error] 	at sbt.ConcurrentRestrictions$$anon$4.$anonfun$submitValid$1(ConcurrentRestrictions.scala:265)[0m
2024.08.01 11:47:12 INFO  [error] 	at sbt.CompletionService$$anon$2.call(CompletionService.scala:65)[0m
2024.08.01 11:47:12 INFO  [error] 	at java.base/java.util.concurrent.FutureTask.run(FutureTask.java:264)[0m
2024.08.01 11:47:12 INFO  [error] 	at java.base/java.util.concurrent.Executors$RunnableAdapter.call(Executors.java:539)[0m
2024.08.01 11:47:12 INFO  [error] 	at java.base/java.util.concurrent.FutureTask.run(FutureTask.java:264)[0m
2024.08.01 11:47:12 INFO  [error] 	at java.base/java.util.concurrent.ThreadPoolExecutor.runWorker(ThreadPoolExecutor.java:1136)[0m
2024.08.01 11:47:12 INFO  [error] 	at java.base/java.util.concurrent.ThreadPoolExecutor$Worker.run(ThreadPoolExecutor.java:635)[0m
2024.08.01 11:47:12 INFO  [error] 	at java.base/java.lang.Thread.run(Thread.java:833)[0m
2024.08.01 11:47:12 INFO  [error] (update) sbt.librarymanagement.ResolveException: Error downloading org.apache.pekko:pekko-actor_2.13:2.8.0[0m
2024.08.01 11:47:12 INFO  [error]   Not found[0m
2024.08.01 11:47:12 INFO  [error]   Not found[0m
2024.08.01 11:47:12 INFO  [error]   not found: /home/dgc7/.ivy2/local/org.apache.pekko/pekko-actor_2.13/2.8.0/ivys/ivy.xml[0m
2024.08.01 11:47:12 INFO  [error]   not found: https://repo1.maven.org/maven2/org/apache/pekko/pekko-actor_2.13/2.8.0/pekko-actor_2.13-2.8.0.pom[0m
2024.08.01 11:47:12 INFO  [error] Total time: 1 s, completed Aug 1, 2024, 11:47:12 AM[0m
2024.08.01 11:47:12 INFO  time: ran 'sbt bloopInstall' in 13s[0m
2024.08.01 11:47:12 ERROR sbt command failed: /usr/local/bin/sbt -Dbloop.export-jar-classifiers=sources bloopInstall[0m
2024.08.01 11:47:15 INFO  skipping build import with status 'Failed'[0m
2024.08.01 11:47:19 INFO  no build target found for /home/dgc7/proyects/scala/akka-fsm-example/src/main/scala/InventoryFSM.scala. Using presentation compiler with project's scala-library version: 3.3.3[0m
2024.08.01 11:47:19 INFO  no build target found for /home/dgc7/proyects/scala/akka-fsm-example/src/main/scala/InventoryFSM.scala. Using presentation compiler with project's scala-library version: 3.3.3[0m
Aug 01, 2024 11:47:20 AM scala.meta.internal.pc.CompilerAccess handleError
SEVERE: A severe compiler error occurred, full details of the error can be found in the error report /home/dgc7/proyects/scala/akka-fsm-example/.metals/.reports/metals-full/2024-08-01/r_compiler-error_11-47-20-032.md
2024.08.01 11:47:19 INFO  no build target found for /home/dgc7/proyects/scala/akka-fsm-example/src/main/scala/InventoryFSM.scala. Using presentation compiler with project's scala-library version: 3.3.3[0m
Aug 01, 2024 11:47:20 AM scala.meta.internal.pc.CompilerAccess handleError
SEVERE: A severe compiler error occurred, full details of the error can be found in the error report /home/dgc7/proyects/scala/akka-fsm-example/.metals/.reports/metals-full/2024-08-01/r_compiler-error_11-47-20-336.md
2024.08.01 11:47:22 INFO  no build target found for /home/dgc7/proyects/scala/akka-fsm-example/src/main/scala/InventoryFSM.scala. Using presentation compiler with project's scala-library version: 3.3.3[0m
2024.08.01 11:47:22 INFO  no build target found for /home/dgc7/proyects/scala/akka-fsm-example/src/main/scala/InventoryFSM.scala. Using presentation compiler with project's scala-library version: 3.3.3[0m
2024.08.01 11:47:22 INFO  no build target found for /home/dgc7/proyects/scala/akka-fsm-example/src/main/scala/InventoryFSM.scala. Using presentation compiler with project's scala-library version: 3.3.3[0m
Aug 01, 2024 11:47:22 AM scala.meta.internal.pc.CompilerAccess handleError
SEVERE: A severe compiler error occurred, full details of the error can be found in the error report /home/dgc7/proyects/scala/akka-fsm-example/.metals/.reports/metals-full/2024-08-01/r_compiler-error_11-47-22-894.md
2024.08.01 11:48:31 INFO  no build target found for /home/dgc7/proyects/scala/akka-fsm-example/src/main/scala/InventoryFSM.scala. Using presentation compiler with project's scala-library version: 3.3.3[0m
Aug 01, 2024 11:48:31 AM scala.meta.internal.pc.CompilerAccess handleError
SEVERE: A severe compiler error occurred, full details of the error can be found in the error report /home/dgc7/proyects/scala/akka-fsm-example/.metals/.reports/metals-full/2024-08-01/r_compiler-error_11-48-31-396.md
2024.08.01 11:48:33 INFO  no build target found for /home/dgc7/proyects/scala/akka-fsm-example/src/main/scala/InventoryFSM.scala. Using presentation compiler with project's scala-library version: 3.3.3[0m
Aug 01, 2024 11:48:33 AM scala.meta.internal.pc.CompilerAccess handleError
SEVERE: A severe compiler error occurred, full details of the error can be found in the error report /home/dgc7/proyects/scala/akka-fsm-example/.metals/.reports/metals-full/2024-08-01/r_compiler-error_11-48-33-700.md
2024.08.01 11:50:31 INFO  no build target found for /home/dgc7/proyects/scala/akka-fsm-example/src/main/scala/InventoryFSM.scala. Using presentation compiler with project's scala-library version: 3.3.3[0m
Aug 01, 2024 11:50:31 AM scala.meta.internal.pc.CompilerAccess handleError
SEVERE: A severe compiler error occurred, full details of the error can be found in the error report /home/dgc7/proyects/scala/akka-fsm-example/.metals/.reports/metals-full/2024-08-01/r_compiler-error_11-50-31-502.md
2024.08.01 11:50:33 INFO  no build target found for /home/dgc7/proyects/scala/akka-fsm-example/src/main/scala/InventoryFSM.scala. Using presentation compiler with project's scala-library version: 3.3.3[0m
Aug 01, 2024 11:50:34 AM scala.meta.internal.pc.CompilerAccess handleError
SEVERE: A severe compiler error occurred, full details of the error can be found in the error report /home/dgc7/proyects/scala/akka-fsm-example/.metals/.reports/metals-full/2024-08-01/r_compiler-error_11-50-34-202.md
2024.08.01 11:50:35 INFO  no build target found for /home/dgc7/proyects/scala/akka-fsm-example/build.sbt. Using presentation compiler with project's scala-library version: 3.3.3[0m
2024.08.01 11:50:35 WARN  Could not find semantic tokens for: file:///home/dgc7/proyects/scala/akka-fsm-example/build.sbt[0m
2024.08.01 11:50:38 INFO  no build target found for /home/dgc7/proyects/scala/akka-fsm-example/build.sbt. Using presentation compiler with project's scala-library version: 3.3.3[0m
2024.08.01 11:50:39 INFO  no build target found for /home/dgc7/proyects/scala/akka-fsm-example/build.sbt. Using presentation compiler with project's scala-library version: 3.3.3[0m
2024.08.01 11:50:40 INFO  no build target found for /home/dgc7/proyects/scala/akka-fsm-example/build.sbt. Using presentation compiler with project's scala-library version: 3.3.3[0m
2024.08.01 11:50:41 INFO  no build target found for /home/dgc7/proyects/scala/akka-fsm-example/build.sbt. Using presentation compiler with project's scala-library version: 3.3.3[0m
2024.08.01 11:50:41 INFO  no build target found for /home/dgc7/proyects/scala/akka-fsm-example/build.sbt. Using presentation compiler with project's scala-library version: 3.3.3[0m
2024.08.01 11:50:41 WARN  Could not find semantic tokens for: file:///home/dgc7/proyects/scala/akka-fsm-example/build.sbt[0m
2024.08.01 11:50:43 INFO  no build target found for /home/dgc7/proyects/scala/akka-fsm-example/build.sbt. Using presentation compiler with project's scala-library version: 3.3.3[0m
2024.08.01 11:50:43 INFO  no build target found for /home/dgc7/proyects/scala/akka-fsm-example/build.sbt. Using presentation compiler with project's scala-library version: 3.3.3[0m
2024.08.01 11:50:43 INFO  no build target found for /home/dgc7/proyects/scala/akka-fsm-example/build.sbt. Using presentation compiler with project's scala-library version: 3.3.3[0m
2024.08.01 11:50:43 WARN  Could not find semantic tokens for: file:///home/dgc7/proyects/scala/akka-fsm-example/build.sbt[0m
2024.08.01 11:50:45 INFO  no build target found for /home/dgc7/proyects/scala/akka-fsm-example/build.sbt. Using presentation compiler with project's scala-library version: 3.3.3[0m
2024.08.01 11:50:45 INFO  no build target found for /home/dgc7/proyects/scala/akka-fsm-example/build.sbt. Using presentation compiler with project's scala-library version: 3.3.3[0m
2024.08.01 11:50:46 INFO  no build target found for /home/dgc7/proyects/scala/akka-fsm-example/build.sbt. Using presentation compiler with project's scala-library version: 3.3.3[0m
2024.08.01 11:50:46 INFO  no build target found for /home/dgc7/proyects/scala/akka-fsm-example/build.sbt. Using presentation compiler with project's scala-library version: 3.3.3[0m
2024.08.01 11:50:46 INFO  no build target found for /home/dgc7/proyects/scala/akka-fsm-example/build.sbt. Using presentation compiler with project's scala-library version: 3.3.3[0m
2024.08.01 11:50:48 INFO  no build target found for /home/dgc7/proyects/scala/akka-fsm-example/build.sbt. Using presentation compiler with project's scala-library version: 3.3.3[0m
2024.08.01 11:50:48 INFO  no build target found for /home/dgc7/proyects/scala/akka-fsm-example/build.sbt. Using presentation compiler with project's scala-library version: 3.3.3[0m
2024.08.01 11:50:48 INFO  no build target found for /home/dgc7/proyects/scala/akka-fsm-example/build.sbt. Using presentation compiler with project's scala-library version: 3.3.3[0m
2024.08.01 11:50:48 WARN  Could not find semantic tokens for: file:///home/dgc7/proyects/scala/akka-fsm-example/build.sbt[0m
2024.08.01 11:50:48 INFO  no build target found for /home/dgc7/proyects/scala/akka-fsm-example/build.sbt. Using presentation compiler with project's scala-library version: 3.3.3[0m
2024.08.01 11:50:48 INFO  no build target found for /home/dgc7/proyects/scala/akka-fsm-example/build.sbt. Using presentation compiler with project's scala-library version: 3.3.3[0m
2024.08.01 11:50:48 INFO  no build target found for /home/dgc7/proyects/scala/akka-fsm-example/build.sbt. Using presentation compiler with project's scala-library version: 3.3.3[0m
2024.08.01 11:50:48 WARN  Could not find semantic tokens for: file:///home/dgc7/proyects/scala/akka-fsm-example/build.sbt[0m
2024.08.01 11:50:50 INFO  no build target found for /home/dgc7/proyects/scala/akka-fsm-example/build.sbt. Using presentation compiler with project's scala-library version: 3.3.3[0m
2024.08.01 11:50:50 INFO  no build target found for /home/dgc7/proyects/scala/akka-fsm-example/build.sbt. Using presentation compiler with project's scala-library version: 3.3.3[0m
2024.08.01 11:50:50 INFO  no build target found for /home/dgc7/proyects/scala/akka-fsm-example/build.sbt. Using presentation compiler with project's scala-library version: 3.3.3[0m
2024.08.01 11:50:50 WARN  Could not find semantic tokens for: file:///home/dgc7/proyects/scala/akka-fsm-example/build.sbt[0m
2024.08.01 11:50:50 INFO  no build target found for /home/dgc7/proyects/scala/akka-fsm-example/build.sbt. Using presentation compiler with project's scala-library version: 3.3.3[0m
2024.08.01 11:50:50 INFO  no build target found for /home/dgc7/proyects/scala/akka-fsm-example/build.sbt. Using presentation compiler with project's scala-library version: 3.3.3[0m
2024.08.01 11:50:50 INFO  no build target found for /home/dgc7/proyects/scala/akka-fsm-example/build.sbt. Using presentation compiler with project's scala-library version: 3.3.3[0m
2024.08.01 11:50:50 WARN  Could not find semantic tokens for: file:///home/dgc7/proyects/scala/akka-fsm-example/build.sbt[0m
2024.08.01 11:50:51 INFO  no build target found for /home/dgc7/proyects/scala/akka-fsm-example/build.sbt. Using presentation compiler with project's scala-library version: 3.3.3[0m
2024.08.01 11:50:51 INFO  no build target found for /home/dgc7/proyects/scala/akka-fsm-example/build.sbt. Using presentation compiler with project's scala-library version: 3.3.3[0m
2024.08.01 11:50:51 INFO  no build target found for /home/dgc7/proyects/scala/akka-fsm-example/build.sbt. Using presentation compiler with project's scala-library version: 3.3.3[0m
2024.08.01 11:50:51 WARN  Could not find semantic tokens for: file:///home/dgc7/proyects/scala/akka-fsm-example/build.sbt[0m
2024.08.01 11:50:51 INFO  no build target found for /home/dgc7/proyects/scala/akka-fsm-example/build.sbt. Using presentation compiler with project's scala-library version: 3.3.3[0m
2024.08.01 11:50:52 INFO  no build target found for /home/dgc7/proyects/scala/akka-fsm-example/build.sbt. Using presentation compiler with project's scala-library version: 3.3.3[0m
2024.08.01 11:50:52 INFO  no build target found for /home/dgc7/proyects/scala/akka-fsm-example/build.sbt. Using presentation compiler with project's scala-library version: 3.3.3[0m
2024.08.01 11:50:55 INFO  no build target found for /home/dgc7/proyects/scala/akka-fsm-example/build.sbt. Using presentation compiler with project's scala-library version: 3.3.3[0m
2024.08.01 11:50:56 INFO  no build target found for /home/dgc7/proyects/scala/akka-fsm-example/build.sbt. Using presentation compiler with project's scala-library version: 3.3.3[0m
2024.08.01 11:50:56 INFO  no build target found for /home/dgc7/proyects/scala/akka-fsm-example/build.sbt. Using presentation compiler with project's scala-library version: 3.3.3[0m
2024.08.01 11:51:00 INFO  no build target found for /home/dgc7/proyects/scala/akka-fsm-example/build.sbt. Using presentation compiler with project's scala-library version: 3.3.3[0m
2024.08.01 11:51:01 INFO  no build target found for /home/dgc7/proyects/scala/akka-fsm-example/build.sbt. Using presentation compiler with project's scala-library version: 3.3.3[0m
2024.08.01 11:51:02 INFO  no build target found for /home/dgc7/proyects/scala/akka-fsm-example/build.sbt. Using presentation compiler with project's scala-library version: 3.3.3[0m
2024.08.01 11:51:02 INFO  no build target found for /home/dgc7/proyects/scala/akka-fsm-example/build.sbt. Using presentation compiler with project's scala-library version: 3.3.3[0m
2024.08.01 11:51:02 WARN  Could not find semantic tokens for: file:///home/dgc7/proyects/scala/akka-fsm-example/build.sbt[0m
2024.08.01 11:51:02 INFO  no build target found for /home/dgc7/proyects/scala/akka-fsm-example/build.sbt. Using presentation compiler with project's scala-library version: 3.3.3[0m
2024.08.01 11:51:03 INFO  no build target found for /home/dgc7/proyects/scala/akka-fsm-example/build.sbt. Using presentation compiler with project's scala-library version: 3.3.3[0m
2024.08.01 11:51:03 INFO  no build target found for /home/dgc7/proyects/scala/akka-fsm-example/build.sbt. Using presentation compiler with project's scala-library version: 3.3.3[0m
2024.08.01 11:51:03 WARN  Could not find semantic tokens for: file:///home/dgc7/proyects/scala/akka-fsm-example/build.sbt[0m
2024.08.01 11:51:04 INFO  no build target found for /home/dgc7/proyects/scala/akka-fsm-example/build.sbt. Using presentation compiler with project's scala-library version: 3.3.3[0m
2024.08.01 11:51:04 INFO  no build target found for /home/dgc7/proyects/scala/akka-fsm-example/build.sbt. Using presentation compiler with project's scala-library version: 3.3.3[0m
2024.08.01 11:51:05 INFO  no build target found for /home/dgc7/proyects/scala/akka-fsm-example/build.sbt. Using presentation compiler with project's scala-library version: 3.3.3[0m
2024.08.01 11:51:08 INFO  no build target found for /home/dgc7/proyects/scala/akka-fsm-example/build.sbt. Using presentation compiler with project's scala-library version: 3.3.3[0m
2024.08.01 11:51:41 INFO  no build target found for /home/dgc7/proyects/scala/akka-fsm-example/build.sbt. Using presentation compiler with project's scala-library version: 3.3.3[0m
2024.08.01 11:51:41 INFO  no build target found for /home/dgc7/proyects/scala/akka-fsm-example/build.sbt. Using presentation compiler with project's scala-library version: 3.3.3[0m
2024.08.01 11:51:41 INFO  no build target found for /home/dgc7/proyects/scala/akka-fsm-example/build.sbt. Using presentation compiler with project's scala-library version: 3.3.3[0m
2024.08.01 11:51:41 INFO  no build target found for /home/dgc7/proyects/scala/akka-fsm-example/build.sbt. Using presentation compiler with project's scala-library version: 3.3.3[0m
2024.08.01 11:51:41 WARN  Could not find semantic tokens for: file:///home/dgc7/proyects/scala/akka-fsm-example/build.sbt[0m
2024.08.01 11:51:42 INFO  no build target found for /home/dgc7/proyects/scala/akka-fsm-example/build.sbt. Using presentation compiler with project's scala-library version: 3.3.3[0m
2024.08.01 11:51:41 INFO  no build target found for /home/dgc7/proyects/scala/akka-fsm-example/build.sbt. Using presentation compiler with project's scala-library version: 3.3.3[0m
2024.08.01 11:51:42 WARN  Could not find semantic tokens for: file:///home/dgc7/proyects/scala/akka-fsm-example/build.sbt[0m
2024.08.01 11:51:42 INFO  no build target found for /home/dgc7/proyects/scala/akka-fsm-example/build.sbt. Using presentation compiler with project's scala-library version: 3.3.3[0m
2024.08.01 11:51:42 INFO  no build target found for /home/dgc7/proyects/scala/akka-fsm-example/build.sbt. Using presentation compiler with project's scala-library version: 3.3.3[0m
2024.08.01 11:51:42 WARN  Could not find semantic tokens for: file:///home/dgc7/proyects/scala/akka-fsm-example/build.sbt[0m
2024.08.01 11:51:42 INFO  no build target found for /home/dgc7/proyects/scala/akka-fsm-example/build.sbt. Using presentation compiler with project's scala-library version: 3.3.3[0m
2024.08.01 11:51:43 INFO  no build target found for /home/dgc7/proyects/scala/akka-fsm-example/build.sbt. Using presentation compiler with project's scala-library version: 3.3.3[0m
2024.08.01 11:51:44 INFO  no build target found for /home/dgc7/proyects/scala/akka-fsm-example/build.sbt. Using presentation compiler with project's scala-library version: 3.3.3[0m
2024.08.01 11:51:44 INFO  no build target found for /home/dgc7/proyects/scala/akka-fsm-example/build.sbt. Using presentation compiler with project's scala-library version: 3.3.3[0m
2024.08.01 11:51:44 WARN  Could not find semantic tokens for: file:///home/dgc7/proyects/scala/akka-fsm-example/build.sbt[0m
2024.08.01 11:51:45 INFO  no build target found for /home/dgc7/proyects/scala/akka-fsm-example/build.sbt. Using presentation compiler with project's scala-library version: 3.3.3[0m
2024.08.01 11:51:47 WARN  no build target for: /home/dgc7/proyects/scala/akka-fsm-example/build.sbt[0m
2024.08.01 11:51:47 INFO  no build target found for /home/dgc7/proyects/scala/akka-fsm-example/build.sbt. Using presentation compiler with project's scala-library version: 3.3.3[0m
2024.08.01 11:51:47 WARN  Could not find semantic tokens for: file:///home/dgc7/proyects/scala/akka-fsm-example/build.sbt[0m
2024.08.01 11:51:47 INFO  no build target found for /home/dgc7/proyects/scala/akka-fsm-example/build.sbt. Using presentation compiler with project's scala-library version: 3.3.3[0m
2024.08.01 11:51:47 WARN  Could not find semantic tokens for: file:///home/dgc7/proyects/scala/akka-fsm-example/build.sbt[0m
2024.08.01 11:52:14 INFO  no build target found for /home/dgc7/proyects/scala/akka-fsm-example/build.sbt. Using presentation compiler with project's scala-library version: 3.3.3[0m
2024.08.01 11:52:14 INFO  no build target found for /home/dgc7/proyects/scala/akka-fsm-example/build.sbt. Using presentation compiler with project's scala-library version: 3.3.3[0m
2024.08.01 11:52:14 INFO  no build target found for /home/dgc7/proyects/scala/akka-fsm-example/build.sbt. Using presentation compiler with project's scala-library version: 3.3.3[0m
2024.08.01 11:52:17 INFO  no build target found for /home/dgc7/proyects/scala/akka-fsm-example/build.sbt. Using presentation compiler with project's scala-library version: 3.3.3[0m
2024.08.01 11:52:17 INFO  no build target found for /home/dgc7/proyects/scala/akka-fsm-example/build.sbt. Using presentation compiler with project's scala-library version: 3.3.3[0m
2024.08.01 11:52:17 INFO  no build target found for /home/dgc7/proyects/scala/akka-fsm-example/build.sbt. Using presentation compiler with project's scala-library version: 3.3.3[0m
2024.08.01 11:52:17 WARN  Could not find semantic tokens for: file:///home/dgc7/proyects/scala/akka-fsm-example/build.sbt[0m
2024.08.01 11:52:17 INFO  no build target found for /home/dgc7/proyects/scala/akka-fsm-example/build.sbt. Using presentation compiler with project's scala-library version: 3.3.3[0m
2024.08.01 11:52:18 INFO  no build target found for /home/dgc7/proyects/scala/akka-fsm-example/build.sbt. Using presentation compiler with project's scala-library version: 3.3.3[0m
2024.08.01 11:52:18 INFO  no build target found for /home/dgc7/proyects/scala/akka-fsm-example/build.sbt. Using presentation compiler with project's scala-library version: 3.3.3[0m
2024.08.01 11:52:18 WARN  Could not find semantic tokens for: file:///home/dgc7/proyects/scala/akka-fsm-example/build.sbt[0m
2024.08.01 11:52:18 INFO  no build target found for /home/dgc7/proyects/scala/akka-fsm-example/build.sbt. Using presentation compiler with project's scala-library version: 3.3.3[0m
2024.08.01 11:52:18 INFO  no build target found for /home/dgc7/proyects/scala/akka-fsm-example/build.sbt. Using presentation compiler with project's scala-library version: 3.3.3[0m
2024.08.01 11:52:18 INFO  no build target found for /home/dgc7/proyects/scala/akka-fsm-example/build.sbt. Using presentation compiler with project's scala-library version: 3.3.3[0m
2024.08.01 11:52:18 WARN  Could not find semantic tokens for: file:///home/dgc7/proyects/scala/akka-fsm-example/build.sbt[0m
2024.08.01 11:52:22 WARN  no build target for: /home/dgc7/proyects/scala/akka-fsm-example/build.sbt[0m
2024.08.01 11:52:22 INFO  skipping build import with status 'Dismissed'[0m
2024.08.01 11:52:22 INFO  no build target found for /home/dgc7/proyects/scala/akka-fsm-example/build.sbt. Using presentation compiler with project's scala-library version: 3.3.3[0m
2024.08.01 11:52:22 WARN  Could not find semantic tokens for: file:///home/dgc7/proyects/scala/akka-fsm-example/build.sbt[0m
2024.08.01 11:52:22 INFO  no build target found for /home/dgc7/proyects/scala/akka-fsm-example/build.sbt. Using presentation compiler with project's scala-library version: 3.3.3[0m
2024.08.01 11:52:22 WARN  Could not find semantic tokens for: file:///home/dgc7/proyects/scala/akka-fsm-example/build.sbt[0m
2024.08.01 11:52:38 INFO  no build target found for /home/dgc7/proyects/scala/akka-fsm-example/build.sbt. Using presentation compiler with project's scala-library version: 3.3.3[0m
2024.08.01 11:52:38 INFO  no build target found for /home/dgc7/proyects/scala/akka-fsm-example/build.sbt. Using presentation compiler with project's scala-library version: 3.3.3[0m
2024.08.01 11:52:38 INFO  no build target found for /home/dgc7/proyects/scala/akka-fsm-example/build.sbt. Using presentation compiler with project's scala-library version: 3.3.3[0m
2024.08.01 11:52:38 INFO  no build target found for /home/dgc7/proyects/scala/akka-fsm-example/build.sbt. Using presentation compiler with project's scala-library version: 3.3.3[0m
2024.08.01 11:52:38 WARN  Could not find semantic tokens for: file:///home/dgc7/proyects/scala/akka-fsm-example/build.sbt[0m
2024.08.01 11:52:39 INFO  no build target found for /home/dgc7/proyects/scala/akka-fsm-example/build.sbt. Using presentation compiler with project's scala-library version: 3.3.3[0m
2024.08.01 11:52:39 INFO  no build target found for /home/dgc7/proyects/scala/akka-fsm-example/build.sbt. Using presentation compiler with project's scala-library version: 3.3.3[0m
2024.08.01 11:52:38 INFO  no build target found for /home/dgc7/proyects/scala/akka-fsm-example/build.sbt. Using presentation compiler with project's scala-library version: 3.3.3[0m
2024.08.01 11:52:39 INFO  no build target found for /home/dgc7/proyects/scala/akka-fsm-example/build.sbt. Using presentation compiler with project's scala-library version: 3.3.3[0m
2024.08.01 11:52:39 WARN  Could not find semantic tokens for: file:///home/dgc7/proyects/scala/akka-fsm-example/build.sbt[0m
2024.08.01 11:52:41 WARN  no build target for: /home/dgc7/proyects/scala/akka-fsm-example/build.sbt[0m
2024.08.01 11:52:41 INFO  skipping build import with status 'Dismissed'[0m
2024.08.01 11:52:41 INFO  no build target found for /home/dgc7/proyects/scala/akka-fsm-example/build.sbt. Using presentation compiler with project's scala-library version: 3.3.3[0m
2024.08.01 11:52:41 WARN  Could not find semantic tokens for: file:///home/dgc7/proyects/scala/akka-fsm-example/build.sbt[0m
2024.08.01 11:52:41 INFO  no build target found for /home/dgc7/proyects/scala/akka-fsm-example/build.sbt. Using presentation compiler with project's scala-library version: 3.3.3[0m
2024.08.01 11:52:41 WARN  Could not find semantic tokens for: file:///home/dgc7/proyects/scala/akka-fsm-example/build.sbt[0m
2024.08.01 11:53:11 INFO  no build target found for /home/dgc7/proyects/scala/akka-fsm-example/src/main/scala/InventoryFSM.scala. Using presentation compiler with project's scala-library version: 3.3.3[0m
2024.08.01 11:53:11 INFO  no build target found for /home/dgc7/proyects/scala/akka-fsm-example/src/main/scala/InventoryFSM.scala. Using presentation compiler with project's scala-library version: 3.3.3[0m
Aug 01, 2024 11:53:11 AM scala.meta.internal.pc.CompilerAccess handleError
SEVERE: A severe compiler error occurred, full details of the error can be found in the error report /home/dgc7/proyects/scala/akka-fsm-example/.metals/.reports/metals-full/2024-08-01/r_compiler-error_11-53-11-301.md
2024.08.01 11:53:12 INFO  no build target found for /home/dgc7/proyects/scala/akka-fsm-example/src/main/scala/InventoryFSM.scala. Using presentation compiler with project's scala-library version: 3.3.3[0m
2024.08.01 11:53:12 INFO  no build target found for /home/dgc7/proyects/scala/akka-fsm-example/src/main/scala/InventoryFSM.scala. Using presentation compiler with project's scala-library version: 3.3.3[0m
2024.08.01 11:53:15 INFO  no build target found for /home/dgc7/proyects/scala/akka-fsm-example/src/main/scala/InventoryFSM.scala. Using presentation compiler with project's scala-library version: 3.3.3[0m
Aug 01, 2024 11:53:15 AM scala.meta.internal.pc.CompilerAccess handleError
SEVERE: A severe compiler error occurred, full details of the error can be found in the error report /home/dgc7/proyects/scala/akka-fsm-example/.metals/.reports/metals-full/2024-08-01/r_compiler-error_11-53-15-823.md
2024.08.01 11:53:16 INFO  no build target found for /home/dgc7/proyects/scala/akka-fsm-example/src/main/scala/InventoryFSM.scala. Using presentation compiler with project's scala-library version: 3.3.3[0m
2024.08.01 11:53:41 INFO  no build target found for /home/dgc7/proyects/scala/akka-fsm-example/src/main/scala/InventoryFSM.scala. Using presentation compiler with project's scala-library version: 3.3.3[0m
Aug 01, 2024 11:53:41 AM scala.meta.internal.pc.CompilerAccess handleError
SEVERE: A severe compiler error occurred, full details of the error can be found in the error report /home/dgc7/proyects/scala/akka-fsm-example/.metals/.reports/metals-full/2024-08-01/r_compiler-error_11-53-41-875.md
2024.08.01 11:53:45 INFO  no build target found for /home/dgc7/proyects/scala/akka-fsm-example/src/main/scala/InventoryFSM.scala. Using presentation compiler with project's scala-library version: 3.3.3[0m
Aug 01, 2024 11:53:46 AM scala.meta.internal.pc.CompilerAccess handleError
SEVERE: A severe compiler error occurred, full details of the error can be found in the error report /home/dgc7/proyects/scala/akka-fsm-example/.metals/.reports/metals-full/2024-08-01/r_compiler-error_11-53-46-167.md
2024.08.01 11:53:45 INFO  no build target found for /home/dgc7/proyects/scala/akka-fsm-example/src/main/scala/InventoryFSM.scala. Using presentation compiler with project's scala-library version: 3.3.3[0m
Aug 01, 2024 11:53:46 AM scala.meta.internal.pc.CompilerAccess handleError
SEVERE: A severe compiler error occurred, full details of the error can be found in the error report /home/dgc7/proyects/scala/akka-fsm-example/.metals/.reports/metals-full/2024-08-01/r_compiler-error_11-53-46-321.md
2024.08.01 11:53:45 INFO  no build target found for /home/dgc7/proyects/scala/akka-fsm-example/src/main/scala/InventoryFSM.scala. Using presentation compiler with project's scala-library version: 3.3.3[0m
2024.08.01 11:53:45 INFO  no build target found for /home/dgc7/proyects/scala/akka-fsm-example/src/main/scala/InventoryFSM.scala. Using presentation compiler with project's scala-library version: 3.3.3[0m
Aug 01, 2024 11:53:46 AM scala.meta.internal.pc.CompilerAccess handleError
SEVERE: A severe compiler error occurred, full details of the error can be found in the error report /home/dgc7/proyects/scala/akka-fsm-example/.metals/.reports/metals-full/2024-08-01/r_compiler-error_11-53-46-581.md
2024.08.01 11:53:45 INFO  no build target found for /home/dgc7/proyects/scala/akka-fsm-example/src/main/scala/InventoryFSM.scala. Using presentation compiler with project's scala-library version: 3.3.3[0m
Aug 01, 2024 11:53:46 AM scala.meta.internal.pc.CompilerAccess handleError
SEVERE: A severe compiler error occurred, full details of the error can be found in the error report /home/dgc7/proyects/scala/akka-fsm-example/.metals/.reports/metals-full/2024-08-01/r_compiler-error_11-53-46-749.md
2024.08.01 11:53:45 INFO  no build target found for /home/dgc7/proyects/scala/akka-fsm-example/src/main/scala/InventoryFSM.scala. Using presentation compiler with project's scala-library version: 3.3.3[0m
2024.08.01 11:53:45 INFO  no build target found for /home/dgc7/proyects/scala/akka-fsm-example/src/main/scala/InventoryFSM.scala. Using presentation compiler with project's scala-library version: 3.3.3[0m
Aug 01, 2024 11:53:46 AM scala.meta.internal.pc.CompilerAccess handleError
SEVERE: A severe compiler error occurred, full details of the error can be found in the error report /home/dgc7/proyects/scala/akka-fsm-example/.metals/.reports/metals-full/2024-08-01/r_compiler-error_11-53-46-948.md
2024.08.01 11:53:45 INFO  no build target found for /home/dgc7/proyects/scala/akka-fsm-example/src/main/scala/InventoryFSM.scala. Using presentation compiler with project's scala-library version: 3.3.3[0m
Aug 01, 2024 11:53:47 AM scala.meta.internal.pc.CompilerAccess handleError
SEVERE: A severe compiler error occurred, full details of the error can be found in the error report /home/dgc7/proyects/scala/akka-fsm-example/.metals/.reports/metals-full/2024-08-01/r_compiler-error_11-53-47-093.md
2024.08.01 11:53:47 INFO  no build target found for /home/dgc7/proyects/scala/akka-fsm-example/src/main/scala/InventoryFSM.scala. Using presentation compiler with project's scala-library version: 3.3.3[0m
2024.08.01 11:53:47 INFO  no build target found for /home/dgc7/proyects/scala/akka-fsm-example/src/main/scala/InventoryFSM.scala. Using presentation compiler with project's scala-library version: 3.3.3[0m
Aug 01, 2024 11:53:47 AM scala.meta.internal.pc.CompilerAccess handleError
SEVERE: A severe compiler error occurred, full details of the error can be found in the error report /home/dgc7/proyects/scala/akka-fsm-example/.metals/.reports/metals-full/2024-08-01/r_compiler-error_11-53-47-380.md
2024.08.01 11:53:47 INFO  no build target found for /home/dgc7/proyects/scala/akka-fsm-example/src/main/scala/InventoryFSM.scala. Using presentation compiler with project's scala-library version: 3.3.3[0m
Aug 01, 2024 11:53:47 AM scala.meta.internal.pc.CompilerAccess handleError
SEVERE: A severe compiler error occurred, full details of the error can be found in the error report /home/dgc7/proyects/scala/akka-fsm-example/.metals/.reports/metals-full/2024-08-01/r_compiler-error_11-53-47-510.md
2024.08.01 11:53:47 INFO  no build target found for /home/dgc7/proyects/scala/akka-fsm-example/src/main/scala/InventoryFSM.scala. Using presentation compiler with project's scala-library version: 3.3.3[0m
2024.08.01 11:53:47 INFO  no build target found for /home/dgc7/proyects/scala/akka-fsm-example/src/main/scala/InventoryFSM.scala. Using presentation compiler with project's scala-library version: 3.3.3[0m
Aug 01, 2024 11:53:47 AM scala.meta.internal.pc.CompilerAccess handleError
SEVERE: A severe compiler error occurred, full details of the error can be found in the error report /home/dgc7/proyects/scala/akka-fsm-example/.metals/.reports/metals-full/2024-08-01/r_compiler-error_11-53-47-762.md
2024.08.01 11:53:47 INFO  no build target found for /home/dgc7/proyects/scala/akka-fsm-example/src/main/scala/InventoryFSM.scala. Using presentation compiler with project's scala-library version: 3.3.3[0m
Aug 01, 2024 11:53:47 AM scala.meta.internal.pc.CompilerAccess handleError
SEVERE: A severe compiler error occurred, full details of the error can be found in the error report /home/dgc7/proyects/scala/akka-fsm-example/.metals/.reports/metals-full/2024-08-01/r_compiler-error_11-53-47-989.md
2024.08.01 11:53:47 INFO  no build target found for /home/dgc7/proyects/scala/akka-fsm-example/src/main/scala/InventoryFSM.scala. Using presentation compiler with project's scala-library version: 3.3.3[0m
2024.08.01 11:53:48 INFO  no build target found for /home/dgc7/proyects/scala/akka-fsm-example/src/main/scala/InventoryFSM.scala. Using presentation compiler with project's scala-library version: 3.3.3[0m
Aug 01, 2024 11:53:48 AM scala.meta.internal.pc.CompilerAccess handleError
SEVERE: A severe compiler error occurred, full details of the error can be found in the error report /home/dgc7/proyects/scala/akka-fsm-example/.metals/.reports/metals-full/2024-08-01/r_compiler-error_11-53-48-973.md
2024.08.01 11:53:50 INFO  no build target found for /home/dgc7/proyects/scala/akka-fsm-example/src/main/scala/InventoryFSM.scala. Using presentation compiler with project's scala-library version: 3.3.3[0m
2024.08.01 11:53:50 INFO  no build target found for /home/dgc7/proyects/scala/akka-fsm-example/src/main/scala/InventoryFSM.scala. Using presentation compiler with project's scala-library version: 3.3.3[0m
2024.08.01 11:53:51 INFO  no build target found for /home/dgc7/proyects/scala/akka-fsm-example/src/main/scala/InventoryFSM.scala. Using presentation compiler with project's scala-library version: 3.3.3[0m
2024.08.01 11:53:51 INFO  no build target found for /home/dgc7/proyects/scala/akka-fsm-example/src/main/scala/InventoryFSM.scala. Using presentation compiler with project's scala-library version: 3.3.3[0m
2024.08.01 11:53:52 INFO  no build target found for /home/dgc7/proyects/scala/akka-fsm-example/src/test/scala/InventoryFSMTest.scala. Using presentation compiler with project's scala-library version: 3.3.3[0m
2024.08.01 11:53:52 INFO  no build target found for /home/dgc7/proyects/scala/akka-fsm-example/src/test/scala/InventoryFSMTest.scala. Using presentation compiler with project's scala-library version: 3.3.3[0m
2024.08.01 11:53:54 INFO  no build target found for /home/dgc7/proyects/scala/akka-fsm-example/src/test/scala/InventoryFSMTest.scala. Using presentation compiler with project's scala-library version: 3.3.3[0m
2024.08.01 11:54:23 INFO  no build target found for /home/dgc7/proyects/scala/akka-fsm-example/src/test/scala/InventoryFSMTest.scala. Using presentation compiler with project's scala-library version: 3.3.3[0m
2024.08.01 11:54:23 INFO  no build target found for /home/dgc7/proyects/scala/akka-fsm-example/src/test/scala/InventoryFSMTest.scala. Using presentation compiler with project's scala-library version: 3.3.3[0m
2024.08.01 11:54:23 INFO  no build target found for /home/dgc7/proyects/scala/akka-fsm-example/src/test/scala/InventoryFSMTest.scala. Using presentation compiler with project's scala-library version: 3.3.3[0m
2024.08.01 11:54:23 INFO  no build target found for /home/dgc7/proyects/scala/akka-fsm-example/src/test/scala/InventoryFSMTest.scala. Using presentation compiler with project's scala-library version: 3.3.3[0m
2024.08.01 11:54:23 INFO  no build target found for /home/dgc7/proyects/scala/akka-fsm-example/src/test/scala/InventoryFSMTest.scala. Using presentation compiler with project's scala-library version: 3.3.3[0m
2024.08.01 11:54:24 INFO  no build target found for /home/dgc7/proyects/scala/akka-fsm-example/src/test/scala/InventoryFSMTest.scala. Using presentation compiler with project's scala-library version: 3.3.3[0m
2024.08.01 11:54:23 INFO  no build target found for /home/dgc7/proyects/scala/akka-fsm-example/src/test/scala/InventoryFSMTest.scala. Using presentation compiler with project's scala-library version: 3.3.3[0m
2024.08.01 11:54:26 INFO  no build target found for /home/dgc7/proyects/scala/akka-fsm-example/src/test/scala/InventoryFSMTest.scala. Using presentation compiler with project's scala-library version: 3.3.3[0m
2024.08.01 11:54:26 INFO  no build target found for /home/dgc7/proyects/scala/akka-fsm-example/src/test/scala/InventoryFSMTest.scala. Using presentation compiler with project's scala-library version: 3.3.3[0m
2024.08.01 11:54:26 INFO  no build target found for /home/dgc7/proyects/scala/akka-fsm-example/src/test/scala/InventoryFSMTest.scala. Using presentation compiler with project's scala-library version: 3.3.3[0m
2024.08.01 11:54:26 INFO  no build target found for /home/dgc7/proyects/scala/akka-fsm-example/src/test/scala/InventoryFSMTest.scala. Using presentation compiler with project's scala-library version: 3.3.3[0m
2024.08.01 11:54:26 INFO  no build target found for /home/dgc7/proyects/scala/akka-fsm-example/src/test/scala/InventoryFSMTest.scala. Using presentation compiler with project's scala-library version: 3.3.3[0m
2024.08.01 11:54:26 INFO  no build target found for /home/dgc7/proyects/scala/akka-fsm-example/src/test/scala/InventoryFSMTest.scala. Using presentation compiler with project's scala-library version: 3.3.3[0m
2024.08.01 11:54:27 WARN  no build target for: /home/dgc7/proyects/scala/akka-fsm-example/src/test/scala/InventoryFSMTest.scala[0m
2024.08.01 11:54:27 INFO  no build target found for /home/dgc7/proyects/scala/akka-fsm-example/src/test/scala/InventoryFSMTest.scala. Using presentation compiler with project's scala-library version: 3.3.3[0m
2024.08.01 11:54:28 INFO  no build target found for /home/dgc7/proyects/scala/akka-fsm-example/src/test/scala/InventoryFSMTest.scala. Using presentation compiler with project's scala-library version: 3.3.3[0m
2024.08.01 11:54:28 INFO  no build target found for /home/dgc7/proyects/scala/akka-fsm-example/src/test/scala/InventoryFSMTest.scala. Using presentation compiler with project's scala-library version: 3.3.3[0m
2024.08.01 11:54:28 INFO  no build target found for /home/dgc7/proyects/scala/akka-fsm-example/src/test/scala/InventoryFSMTest.scala. Using presentation compiler with project's scala-library version: 3.3.3[0m
2024.08.01 11:54:30 WARN  no build target for: /home/dgc7/proyects/scala/akka-fsm-example/src/test/scala/InventoryFSMTest.scala[0m
2024.08.01 11:54:30 INFO  no build target found for /home/dgc7/proyects/scala/akka-fsm-example/src/test/scala/InventoryFSMTest.scala. Using presentation compiler with project's scala-library version: 3.3.3[0m
2024.08.01 11:54:51 INFO  no build target found for /home/dgc7/proyects/scala/akka-fsm-example/src/main/scala/InventoryFSM.scala. Using presentation compiler with project's scala-library version: 3.3.3[0m
2024.08.01 11:54:51 INFO  no build target found for /home/dgc7/proyects/scala/akka-fsm-example/src/main/scala/InventoryFSM.scala. Using presentation compiler with project's scala-library version: 3.3.3[0m
Aug 01, 2024 11:54:51 AM scala.meta.internal.pc.CompilerAccess handleError
SEVERE: A severe compiler error occurred, full details of the error can be found in the error report /home/dgc7/proyects/scala/akka-fsm-example/.metals/.reports/metals-full/2024-08-01/r_compiler-error_11-54-51-338.md
2024.08.01 11:54:51 INFO  no build target found for /home/dgc7/proyects/scala/akka-fsm-example/src/main/scala/InventoryFSM.scala. Using presentation compiler with project's scala-library version: 3.3.3[0m
Aug 01, 2024 11:54:51 AM scala.meta.internal.pc.CompilerAccess handleError
SEVERE: A severe compiler error occurred, full details of the error can be found in the error report /home/dgc7/proyects/scala/akka-fsm-example/.metals/.reports/metals-full/2024-08-01/r_compiler-error_11-54-51-632.md
2024.08.01 11:54:54 INFO  no build target found for /home/dgc7/proyects/scala/akka-fsm-example/src/main/scala/InventoryFSM.scala. Using presentation compiler with project's scala-library version: 3.3.3[0m
2024.08.01 11:54:54 INFO  no build target found for /home/dgc7/proyects/scala/akka-fsm-example/src/main/scala/InventoryFSM.scala. Using presentation compiler with project's scala-library version: 3.3.3[0m
Aug 01, 2024 11:54:54 AM scala.meta.internal.pc.CompilerAccess handleError
SEVERE: A severe compiler error occurred, full details of the error can be found in the error report /home/dgc7/proyects/scala/akka-fsm-example/.metals/.reports/metals-full/2024-08-01/r_compiler-error_11-54-54-889.md
2024.08.01 11:54:58 INFO  no build target found for /home/dgc7/proyects/scala/akka-fsm-example/src/main/scala/InventoryFSM.scala. Using presentation compiler with project's scala-library version: 3.3.3[0m
2024.08.01 11:54:58 INFO  no build target found for /home/dgc7/proyects/scala/akka-fsm-example/src/main/scala/InventoryFSM.scala. Using presentation compiler with project's scala-library version: 3.3.3[0m
2024.08.01 11:54:58 INFO  no build target found for /home/dgc7/proyects/scala/akka-fsm-example/src/main/scala/InventoryFSM.scala. Using presentation compiler with project's scala-library version: 3.3.3[0m
2024.08.01 11:54:58 INFO  no build target found for /home/dgc7/proyects/scala/akka-fsm-example/src/main/scala/InventoryFSM.scala. Using presentation compiler with project's scala-library version: 3.3.3[0m
Aug 01, 2024 11:54:58 AM scala.meta.internal.pc.CompilerAccess handleError
SEVERE: A severe compiler error occurred, full details of the error can be found in the error report /home/dgc7/proyects/scala/akka-fsm-example/.metals/.reports/metals-full/2024-08-01/r_compiler-error_11-54-58-918.md
2024.08.01 11:55:10 INFO  no build target found for /home/dgc7/proyects/scala/akka-fsm-example/src/main/scala/InventoryFSM.scala. Using presentation compiler with project's scala-library version: 3.3.3[0m
Aug 01, 2024 11:55:10 AM scala.meta.internal.pc.CompilerAccess handleError
SEVERE: A severe compiler error occurred, full details of the error can be found in the error report /home/dgc7/proyects/scala/akka-fsm-example/.metals/.reports/metals-full/2024-08-01/r_compiler-error_11-55-10-426.md
2024.08.01 11:55:11 INFO  no build target found for /home/dgc7/proyects/scala/akka-fsm-example/src/main/scala/InventoryFSM.scala. Using presentation compiler with project's scala-library version: 3.3.3[0m
Aug 01, 2024 11:55:11 AM scala.meta.internal.pc.CompilerAccess handleError
SEVERE: A severe compiler error occurred, full details of the error can be found in the error report /home/dgc7/proyects/scala/akka-fsm-example/.metals/.reports/metals-full/2024-08-01/r_compiler-error_11-55-11-290.md
2024.08.01 11:55:11 INFO  no build target found for /home/dgc7/proyects/scala/akka-fsm-example/src/main/scala/InventoryFSM.scala. Using presentation compiler with project's scala-library version: 3.3.3[0m
Aug 01, 2024 11:55:11 AM scala.meta.internal.pc.CompilerAccess handleError
SEVERE: A severe compiler error occurred, full details of the error can be found in the error report /home/dgc7/proyects/scala/akka-fsm-example/.metals/.reports/metals-full/2024-08-01/r_compiler-error_11-55-11-385.md
2024.08.01 11:55:11 INFO  no build target found for /home/dgc7/proyects/scala/akka-fsm-example/src/main/scala/InventoryFSM.scala. Using presentation compiler with project's scala-library version: 3.3.3[0m
2024.08.01 11:55:11 INFO  no build target found for /home/dgc7/proyects/scala/akka-fsm-example/src/main/scala/InventoryFSM.scala. Using presentation compiler with project's scala-library version: 3.3.3[0m
2024.08.01 11:55:11 INFO  no build target found for /home/dgc7/proyects/scala/akka-fsm-example/src/main/scala/InventoryFSM.scala. Using presentation compiler with project's scala-library version: 3.3.3[0m
2024.08.01 11:55:11 INFO  no build target found for /home/dgc7/proyects/scala/akka-fsm-example/src/main/scala/InventoryFSM.scala. Using presentation compiler with project's scala-library version: 3.3.3[0m
Aug 01, 2024 11:55:11 AM scala.meta.internal.pc.CompilerAccess handleError
SEVERE: A severe compiler error occurred, full details of the error can be found in the error report /home/dgc7/proyects/scala/akka-fsm-example/.metals/.reports/metals-full/2024-08-01/r_compiler-error_11-55-11-675.md
2024.08.01 11:55:11 INFO  no build target found for /home/dgc7/proyects/scala/akka-fsm-example/src/main/scala/InventoryFSM.scala. Using presentation compiler with project's scala-library version: 3.3.3[0m
2024.08.01 11:55:11 INFO  no build target found for /home/dgc7/proyects/scala/akka-fsm-example/src/main/scala/InventoryFSM.scala. Using presentation compiler with project's scala-library version: 3.3.3[0m
Aug 01, 2024 11:55:11 AM scala.meta.internal.pc.CompilerAccess handleError
SEVERE: A severe compiler error occurred, full details of the error can be found in the error report /home/dgc7/proyects/scala/akka-fsm-example/.metals/.reports/metals-full/2024-08-01/r_compiler-error_11-55-11-822.md
2024.08.01 11:55:11 INFO  no build target found for /home/dgc7/proyects/scala/akka-fsm-example/src/main/scala/InventoryFSM.scala. Using presentation compiler with project's scala-library version: 3.3.3[0m
2024.08.01 11:55:11 INFO  no build target found for /home/dgc7/proyects/scala/akka-fsm-example/src/main/scala/InventoryFSM.scala. Using presentation compiler with project's scala-library version: 3.3.3[0m
Aug 01, 2024 11:55:12 AM scala.meta.internal.pc.CompilerAccess handleError
SEVERE: A severe compiler error occurred, full details of the error can be found in the error report /home/dgc7/proyects/scala/akka-fsm-example/.metals/.reports/metals-full/2024-08-01/r_compiler-error_11-55-12-001.md
2024.08.01 11:55:11 INFO  no build target found for /home/dgc7/proyects/scala/akka-fsm-example/src/main/scala/InventoryFSM.scala. Using presentation compiler with project's scala-library version: 3.3.3[0m
Aug 01, 2024 11:55:12 AM scala.meta.internal.pc.CompilerAccess handleError
SEVERE: A severe compiler error occurred, full details of the error can be found in the error report /home/dgc7/proyects/scala/akka-fsm-example/.metals/.reports/metals-full/2024-08-01/r_compiler-error_11-55-12-187.md
2024.08.01 11:55:12 INFO  no build target found for /home/dgc7/proyects/scala/akka-fsm-example/src/main/scala/InventoryFSM.scala. Using presentation compiler with project's scala-library version: 3.3.3[0m
Aug 01, 2024 11:55:12 AM scala.meta.internal.pc.CompilerAccess handleError
SEVERE: A severe compiler error occurred, full details of the error can be found in the error report /home/dgc7/proyects/scala/akka-fsm-example/.metals/.reports/metals-full/2024-08-01/r_compiler-error_11-55-12-372.md
2024.08.01 11:55:12 INFO  no build target found for /home/dgc7/proyects/scala/akka-fsm-example/src/main/scala/InventoryFSM.scala. Using presentation compiler with project's scala-library version: 3.3.3[0m
2024.08.01 11:55:12 INFO  no build target found for /home/dgc7/proyects/scala/akka-fsm-example/src/main/scala/InventoryFSM.scala. Using presentation compiler with project's scala-library version: 3.3.3[0m
2024.08.01 11:55:12 INFO  no build target found for /home/dgc7/proyects/scala/akka-fsm-example/src/main/scala/InventoryFSM.scala. Using presentation compiler with project's scala-library version: 3.3.3[0m
Aug 01, 2024 11:55:12 AM scala.meta.internal.pc.CompilerAccess handleError
SEVERE: A severe compiler error occurred, full details of the error can be found in the error report /home/dgc7/proyects/scala/akka-fsm-example/.metals/.reports/metals-full/2024-08-01/r_compiler-error_11-55-12-619.md
2024.08.01 11:55:12 INFO  no build target found for /home/dgc7/proyects/scala/akka-fsm-example/src/main/scala/InventoryFSM.scala. Using presentation compiler with project's scala-library version: 3.3.3[0m
Aug 01, 2024 11:55:12 AM scala.meta.internal.pc.CompilerAccess handleError
SEVERE: A severe compiler error occurred, full details of the error can be found in the error report /home/dgc7/proyects/scala/akka-fsm-example/.metals/.reports/metals-full/2024-08-01/r_compiler-error_11-55-12-817.md
Aug 01, 2024 11:55:12 AM org.eclipse.lsp4j.jsonrpc.RemoteEndpoint handleCancellation
WARNING: Unmatched cancel notification for request id 492
2024.08.01 11:55:12 INFO  no build target found for /home/dgc7/proyects/scala/akka-fsm-example/src/main/scala/InventoryFSM.scala. Using presentation compiler with project's scala-library version: 3.3.3[0m
Aug 01, 2024 11:55:12 AM scala.meta.internal.pc.CompilerAccess handleError
SEVERE: A severe compiler error occurred, full details of the error can be found in the error report /home/dgc7/proyects/scala/akka-fsm-example/.metals/.reports/metals-full/2024-08-01/r_compiler-error_11-55-12-965.md
2024.08.01 11:55:12 INFO  no build target found for /home/dgc7/proyects/scala/akka-fsm-example/src/main/scala/InventoryFSM.scala. Using presentation compiler with project's scala-library version: 3.3.3[0m
2024.08.01 11:55:12 INFO  no build target found for /home/dgc7/proyects/scala/akka-fsm-example/src/main/scala/InventoryFSM.scala. Using presentation compiler with project's scala-library version: 3.3.3[0m
Aug 01, 2024 11:55:13 AM scala.meta.internal.pc.CompilerAccess handleError
SEVERE: A severe compiler error occurred, full details of the error can be found in the error report /home/dgc7/proyects/scala/akka-fsm-example/.metals/.reports/metals-full/2024-08-01/r_compiler-error_11-55-13-083.md
2024.08.01 11:55:12 INFO  no build target found for /home/dgc7/proyects/scala/akka-fsm-example/src/main/scala/InventoryFSM.scala. Using presentation compiler with project's scala-library version: 3.3.3[0m
Aug 01, 2024 11:55:13 AM scala.meta.internal.pc.CompilerAccess handleError
SEVERE: A severe compiler error occurred, full details of the error can be found in the error report /home/dgc7/proyects/scala/akka-fsm-example/.metals/.reports/metals-full/2024-08-01/r_compiler-error_11-55-13-213.md
2024.08.01 11:55:13 INFO  no build target found for /home/dgc7/proyects/scala/akka-fsm-example/src/main/scala/InventoryFSM.scala. Using presentation compiler with project's scala-library version: 3.3.3[0m
Aug 01, 2024 11:55:13 AM scala.meta.internal.pc.CompilerAccess handleError
SEVERE: A severe compiler error occurred, full details of the error can be found in the error report /home/dgc7/proyects/scala/akka-fsm-example/.metals/.reports/metals-full/2024-08-01/r_compiler-error_11-55-13-333.md
2024.08.01 11:55:13 INFO  no build target found for /home/dgc7/proyects/scala/akka-fsm-example/src/main/scala/InventoryFSM.scala. Using presentation compiler with project's scala-library version: 3.3.3[0m
Aug 01, 2024 11:55:13 AM scala.meta.internal.pc.CompilerAccess handleError
SEVERE: A severe compiler error occurred, full details of the error can be found in the error report /home/dgc7/proyects/scala/akka-fsm-example/.metals/.reports/metals-full/2024-08-01/r_compiler-error_11-55-13-537.md
2024.08.01 11:55:13 INFO  no build target found for /home/dgc7/proyects/scala/akka-fsm-example/src/main/scala/InventoryFSM.scala. Using presentation compiler with project's scala-library version: 3.3.3[0m
2024.08.01 11:55:13 INFO  no build target found for /home/dgc7/proyects/scala/akka-fsm-example/src/main/scala/InventoryFSM.scala. Using presentation compiler with project's scala-library version: 3.3.3[0m
Aug 01, 2024 11:55:13 AM scala.meta.internal.pc.CompilerAccess handleError
SEVERE: A severe compiler error occurred, full details of the error can be found in the error report /home/dgc7/proyects/scala/akka-fsm-example/.metals/.reports/metals-full/2024-08-01/r_compiler-error_11-55-13-684.md
2024.08.01 11:55:12 INFO  no build target found for /home/dgc7/proyects/scala/akka-fsm-example/src/main/scala/InventoryFSM.scala. Using presentation compiler with project's scala-library version: 3.3.3[0m
2024.08.01 11:55:13 WARN  no build target for: /home/dgc7/proyects/scala/akka-fsm-example/src/main/scala/InventoryFSM.scala[0m
Aug 01, 2024 11:55:13 AM scala.meta.internal.pc.CompilerAccess handleError
SEVERE: A severe compiler error occurred, full details of the error can be found in the error report /home/dgc7/proyects/scala/akka-fsm-example/.metals/.reports/metals-full/2024-08-01/r_compiler-error_11-55-13-834.md
2024.08.01 11:55:13 INFO  no build target found for /home/dgc7/proyects/scala/akka-fsm-example/src/main/scala/InventoryFSM.scala. Using presentation compiler with project's scala-library version: 3.3.3[0m
2024.08.01 11:55:13 INFO  no build target found for /home/dgc7/proyects/scala/akka-fsm-example/src/main/scala/InventoryFSM.scala. Using presentation compiler with project's scala-library version: 3.3.3[0m
Aug 01, 2024 11:55:14 AM scala.meta.internal.pc.CompilerAccess handleError
SEVERE: A severe compiler error occurred, full details of the error can be found in the error report /home/dgc7/proyects/scala/akka-fsm-example/.metals/.reports/metals-full/2024-08-01/r_compiler-error_11-55-14-043.md
2024.08.01 11:55:15 INFO  no build target found for /home/dgc7/proyects/scala/akka-fsm-example/src/main/scala/InventoryFSM.scala. Using presentation compiler with project's scala-library version: 3.3.3[0m
2024.08.01 11:55:15 INFO  no build target found for /home/dgc7/proyects/scala/akka-fsm-example/src/main/scala/InventoryFSM.scala. Using presentation compiler with project's scala-library version: 3.3.3[0m
Aug 01, 2024 11:55:15 AM scala.meta.internal.pc.CompilerAccess handleError
SEVERE: A severe compiler error occurred, full details of the error can be found in the error report /home/dgc7/proyects/scala/akka-fsm-example/.metals/.reports/metals-full/2024-08-01/r_compiler-error_11-55-15-972.md
2024.08.01 11:55:17 INFO  no build target found for /home/dgc7/proyects/scala/akka-fsm-example/src/test/scala/InventoryFSMTest.scala. Using presentation compiler with project's scala-library version: 3.3.3[0m
2024.08.01 11:55:38 INFO  no build target found for /home/dgc7/proyects/scala/akka-fsm-example/src/test/scala/InventoryFSMTest.scala. Using presentation compiler with project's scala-library version: 3.3.3[0m
2024.08.01 11:55:38 INFO  no build target found for /home/dgc7/proyects/scala/akka-fsm-example/src/test/scala/InventoryFSMTest.scala. Using presentation compiler with project's scala-library version: 3.3.3[0m
2024.08.01 11:55:39 INFO  no build target found for /home/dgc7/proyects/scala/akka-fsm-example/src/test/scala/InventoryFSMTest.scala. Using presentation compiler with project's scala-library version: 3.3.3[0m
2024.08.01 11:55:39 INFO  no build target found for /home/dgc7/proyects/scala/akka-fsm-example/src/test/scala/InventoryFSMTest.scala. Using presentation compiler with project's scala-library version: 3.3.3[0m
2024.08.01 11:55:40 INFO  no build target found for /home/dgc7/proyects/scala/akka-fsm-example/src/test/scala/InventoryFSMTest.scala. Using presentation compiler with project's scala-library version: 3.3.3[0m
2024.08.01 11:55:40 INFO  no build target found for /home/dgc7/proyects/scala/akka-fsm-example/src/test/scala/InventoryFSMTest.scala. Using presentation compiler with project's scala-library version: 3.3.3[0m
2024.08.01 11:55:40 INFO  no build target found for /home/dgc7/proyects/scala/akka-fsm-example/src/test/scala/InventoryFSMTest.scala. Using presentation compiler with project's scala-library version: 3.3.3[0m
Aug 01, 2024 11:55:41 AM org.eclipse.lsp4j.jsonrpc.RemoteEndpoint handleCancellation
WARNING: Unmatched cancel notification for request id 514
2024.08.01 11:55:42 INFO  no build target found for /home/dgc7/proyects/scala/akka-fsm-example/src/main/scala/InventoryFSM.scala. Using presentation compiler with project's scala-library version: 3.3.3[0m
2024.08.01 11:55:42 INFO  no build target found for /home/dgc7/proyects/scala/akka-fsm-example/src/main/scala/InventoryFSM.scala. Using presentation compiler with project's scala-library version: 3.3.3[0m
Aug 01, 2024 11:55:42 AM scala.meta.internal.pc.CompilerAccess handleError
SEVERE: A severe compiler error occurred, full details of the error can be found in the error report /home/dgc7/proyects/scala/akka-fsm-example/.metals/.reports/metals-full/2024-08-01/r_compiler-error_11-55-42-200.md
2024.08.01 11:55:42 INFO  no build target found for /home/dgc7/proyects/scala/akka-fsm-example/src/main/scala/InventoryFSM.scala. Using presentation compiler with project's scala-library version: 3.3.3[0m
2024.08.01 11:55:42 INFO  no build target found for /home/dgc7/proyects/scala/akka-fsm-example/src/main/scala/InventoryFSM.scala. Using presentation compiler with project's scala-library version: 3.3.3[0m
2024.08.01 11:55:44 INFO  no build target found for /home/dgc7/proyects/scala/akka-fsm-example/src/main/scala/InventoryFSM.scala. Using presentation compiler with project's scala-library version: 3.3.3[0m
2024.08.01 11:55:46 INFO  no build target found for /home/dgc7/proyects/scala/akka-fsm-example/src/main/scala/InventoryFSM.scala. Using presentation compiler with project's scala-library version: 3.3.3[0m
2024.08.01 11:55:46 INFO  no build target found for /home/dgc7/proyects/scala/akka-fsm-example/src/main/scala/InventoryFSM.scala. Using presentation compiler with project's scala-library version: 3.3.3[0m
2024.08.01 11:55:46 INFO  no build target found for /home/dgc7/proyects/scala/akka-fsm-example/src/main/scala/InventoryFSM.scala. Using presentation compiler with project's scala-library version: 3.3.3[0m
2024.08.01 11:55:46 INFO  no build target found for /home/dgc7/proyects/scala/akka-fsm-example/src/main/scala/InventoryFSM.scala. Using presentation compiler with project's scala-library version: 3.3.3[0m
Aug 01, 2024 11:55:46 AM scala.meta.internal.pc.CompilerAccess handleError
SEVERE: A severe compiler error occurred, full details of the error can be found in the error report /home/dgc7/proyects/scala/akka-fsm-example/.metals/.reports/metals-full/2024-08-01/r_compiler-error_11-55-46-908.md
2024.08.01 11:55:47 WARN  no build target for: /home/dgc7/proyects/scala/akka-fsm-example/src/main/scala/InventoryFSM.scala[0m
2024.08.01 11:55:46 INFO  no build target found for /home/dgc7/proyects/scala/akka-fsm-example/src/main/scala/InventoryFSM.scala. Using presentation compiler with project's scala-library version: 3.3.3[0m
Aug 01, 2024 11:55:47 AM scala.meta.internal.pc.CompilerAccess handleError
SEVERE: A severe compiler error occurred, full details of the error can be found in the error report /home/dgc7/proyects/scala/akka-fsm-example/.metals/.reports/metals-full/2024-08-01/r_compiler-error_11-55-47-796.md
2024.08.01 11:55:46 INFO  no build target found for /home/dgc7/proyects/scala/akka-fsm-example/src/main/scala/InventoryFSM.scala. Using presentation compiler with project's scala-library version: 3.3.3[0m
2024.08.01 11:55:50 INFO  no build target found for /home/dgc7/proyects/scala/akka-fsm-example/src/main/scala/InventoryFSM.scala. Using presentation compiler with project's scala-library version: 3.3.3[0m
2024.08.01 11:55:50 INFO  no build target found for /home/dgc7/proyects/scala/akka-fsm-example/src/main/scala/InventoryFSM.scala. Using presentation compiler with project's scala-library version: 3.3.3[0m
2024.08.01 11:55:50 INFO  no build target found for /home/dgc7/proyects/scala/akka-fsm-example/src/main/scala/InventoryFSM.scala. Using presentation compiler with project's scala-library version: 3.3.3[0m
Aug 01, 2024 11:55:50 AM scala.meta.internal.pc.CompilerAccess handleError
SEVERE: A severe compiler error occurred, full details of the error can be found in the error report /home/dgc7/proyects/scala/akka-fsm-example/.metals/.reports/metals-full/2024-08-01/r_compiler-error_11-55-50-742.md
2024.08.01 11:55:51 INFO  no build target found for /home/dgc7/proyects/scala/akka-fsm-example/src/main/scala/InventoryFSM.scala. Using presentation compiler with project's scala-library version: 3.3.3[0m
Aug 01, 2024 11:55:51 AM scala.meta.internal.pc.CompilerAccess handleError
SEVERE: A severe compiler error occurred, full details of the error can be found in the error report /home/dgc7/proyects/scala/akka-fsm-example/.metals/.reports/metals-full/2024-08-01/r_compiler-error_11-55-51-854.md
2024.08.01 11:55:51 INFO  no build target found for /home/dgc7/proyects/scala/akka-fsm-example/src/main/scala/InventoryFSM.scala. Using presentation compiler with project's scala-library version: 3.3.3[0m
Aug 01, 2024 11:55:52 AM scala.meta.internal.pc.CompilerAccess handleError
SEVERE: A severe compiler error occurred, full details of the error can be found in the error report /home/dgc7/proyects/scala/akka-fsm-example/.metals/.reports/metals-full/2024-08-01/r_compiler-error_11-55-52-011.md
2024.08.01 11:55:51 INFO  no build target found for /home/dgc7/proyects/scala/akka-fsm-example/src/main/scala/InventoryFSM.scala. Using presentation compiler with project's scala-library version: 3.3.3[0m
2024.08.01 11:55:51 INFO  no build target found for /home/dgc7/proyects/scala/akka-fsm-example/src/main/scala/InventoryFSM.scala. Using presentation compiler with project's scala-library version: 3.3.3[0m
2024.08.01 11:55:52 INFO  no build target found for /home/dgc7/proyects/scala/akka-fsm-example/src/test/scala/InventoryFSMTest.scala. Using presentation compiler with project's scala-library version: 3.3.3[0m
2024.08.01 11:55:54 INFO  no build target found for /home/dgc7/proyects/scala/akka-fsm-example/src/test/scala/InventoryFSMTest.scala. Using presentation compiler with project's scala-library version: 3.3.3[0m
2024.08.01 11:55:54 INFO  no build target found for /home/dgc7/proyects/scala/akka-fsm-example/src/test/scala/InventoryFSMTest.scala. Using presentation compiler with project's scala-library version: 3.3.3[0m
2024.08.01 11:55:54 INFO  no build target found for /home/dgc7/proyects/scala/akka-fsm-example/src/test/scala/InventoryFSMTest.scala. Using presentation compiler with project's scala-library version: 3.3.3[0m
2024.08.01 11:55:55 INFO  no build target found for /home/dgc7/proyects/scala/akka-fsm-example/src/test/scala/InventoryFSMTest.scala. Using presentation compiler with project's scala-library version: 3.3.3[0m
2024.08.01 11:55:55 INFO  no build target found for /home/dgc7/proyects/scala/akka-fsm-example/src/test/scala/InventoryFSMTest.scala. Using presentation compiler with project's scala-library version: 3.3.3[0m
2024.08.01 11:55:55 INFO  no build target found for /home/dgc7/proyects/scala/akka-fsm-example/src/test/scala/InventoryFSMTest.scala. Using presentation compiler with project's scala-library version: 3.3.3[0m
2024.08.01 11:55:56 WARN  no build target for: /home/dgc7/proyects/scala/akka-fsm-example/src/test/scala/InventoryFSMTest.scala[0m
2024.08.01 11:55:56 INFO  no build target found for /home/dgc7/proyects/scala/akka-fsm-example/src/test/scala/InventoryFSMTest.scala. Using presentation compiler with project's scala-library version: 3.3.3[0m
2024.08.01 11:56:06 INFO  no build target found for /home/dgc7/proyects/scala/akka-fsm-example/src/test/scala/InventoryFSMTest.scala. Using presentation compiler with project's scala-library version: 3.3.3[0m
2024.08.01 11:56:06 INFO  no build target found for /home/dgc7/proyects/scala/akka-fsm-example/src/test/scala/InventoryFSMTest.scala. Using presentation compiler with project's scala-library version: 3.3.3[0m
2024.08.01 11:56:07 INFO  no build target found for /home/dgc7/proyects/scala/akka-fsm-example/src/test/scala/InventoryFSMTest.scala. Using presentation compiler with project's scala-library version: 3.3.3[0m
2024.08.01 11:56:07 INFO  no build target found for /home/dgc7/proyects/scala/akka-fsm-example/src/test/scala/InventoryFSMTest.scala. Using presentation compiler with project's scala-library version: 3.3.3[0m
2024.08.01 11:56:09 INFO  no build target found for /home/dgc7/proyects/scala/akka-fsm-example/src/test/scala/InventoryFSMTest.scala. Using presentation compiler with project's scala-library version: 3.3.3[0m
2024.08.01 11:56:09 INFO  no build target found for /home/dgc7/proyects/scala/akka-fsm-example/src/test/scala/InventoryFSMTest.scala. Using presentation compiler with project's scala-library version: 3.3.3[0m
2024.08.01 11:56:11 INFO  no build target found for /home/dgc7/proyects/scala/akka-fsm-example/src/test/scala/InventoryFSMTest.scala. Using presentation compiler with project's scala-library version: 3.3.3[0m
2024.08.01 11:56:11 INFO  no build target found for /home/dgc7/proyects/scala/akka-fsm-example/src/test/scala/InventoryFSMTest.scala. Using presentation compiler with project's scala-library version: 3.3.3[0m
2024.08.01 11:56:12 INFO  no build target found for /home/dgc7/proyects/scala/akka-fsm-example/src/test/scala/InventoryFSMTest.scala. Using presentation compiler with project's scala-library version: 3.3.3[0m
2024.08.01 11:56:14 INFO  no build target found for /home/dgc7/proyects/scala/akka-fsm-example/src/test/scala/InventoryFSMTest.scala. Using presentation compiler with project's scala-library version: 3.3.3[0m
2024.08.01 11:56:20 INFO  no build target found for /home/dgc7/proyects/scala/akka-fsm-example/src/test/scala/InventoryFSMTest.scala. Using presentation compiler with project's scala-library version: 3.3.3[0m
2024.08.01 11:56:22 INFO  no build target found for /home/dgc7/proyects/scala/akka-fsm-example/src/test/scala/InventoryFSMTest.scala. Using presentation compiler with project's scala-library version: 3.3.3[0m
2024.08.01 11:56:23 INFO  no build target found for /home/dgc7/proyects/scala/akka-fsm-example/src/test/scala/InventoryFSMTest.scala. Using presentation compiler with project's scala-library version: 3.3.3[0m
2024.08.01 11:56:23 INFO  no build target found for /home/dgc7/proyects/scala/akka-fsm-example/src/test/scala/InventoryFSMTest.scala. Using presentation compiler with project's scala-library version: 3.3.3[0m
2024.08.01 11:56:23 INFO  no build target found for /home/dgc7/proyects/scala/akka-fsm-example/src/test/scala/InventoryFSMTest.scala. Using presentation compiler with project's scala-library version: 3.3.3[0m
2024.08.01 11:56:24 INFO  no build target found for /home/dgc7/proyects/scala/akka-fsm-example/src/test/scala/InventoryFSMTest.scala. Using presentation compiler with project's scala-library version: 3.3.3[0m
2024.08.01 11:56:24 INFO  no build target found for /home/dgc7/proyects/scala/akka-fsm-example/src/main/scala/InventoryFSM.scala. Using presentation compiler with project's scala-library version: 3.3.3[0m
2024.08.01 11:56:24 INFO  no build target found for /home/dgc7/proyects/scala/akka-fsm-example/src/main/scala/InventoryFSM.scala. Using presentation compiler with project's scala-library version: 3.3.3[0m
Aug 01, 2024 11:56:24 AM scala.meta.internal.pc.CompilerAccess handleError
SEVERE: A severe compiler error occurred, full details of the error can be found in the error report /home/dgc7/proyects/scala/akka-fsm-example/.metals/.reports/metals-full/2024-08-01/r_compiler-error_11-56-24-865.md
2024.08.01 11:56:25 INFO  no build target found for /home/dgc7/proyects/scala/akka-fsm-example/src/main/scala/InventoryFSM.scala. Using presentation compiler with project's scala-library version: 3.3.3[0m
2024.08.01 11:56:28 INFO  no build target found for /home/dgc7/proyects/scala/akka-fsm-example/src/main/scala/InventoryFSM.scala. Using presentation compiler with project's scala-library version: 3.3.3[0m
2024.08.01 11:56:28 INFO  no build target found for /home/dgc7/proyects/scala/akka-fsm-example/src/main/scala/InventoryFSM.scala. Using presentation compiler with project's scala-library version: 3.3.3[0m
Aug 01, 2024 11:56:28 AM scala.meta.internal.pc.CompilerAccess handleError
SEVERE: A severe compiler error occurred, full details of the error can be found in the error report /home/dgc7/proyects/scala/akka-fsm-example/.metals/.reports/metals-full/2024-08-01/r_compiler-error_11-56-28-931.md
2024.08.01 11:56:28 INFO  no build target found for /home/dgc7/proyects/scala/akka-fsm-example/src/main/scala/InventoryFSM.scala. Using presentation compiler with project's scala-library version: 3.3.3[0m
2024.08.01 11:56:32 INFO  no build target found for /home/dgc7/proyects/scala/akka-fsm-example/src/main/scala/InventoryFSM.scala. Using presentation compiler with project's scala-library version: 3.3.3[0m
2024.08.01 11:56:34 INFO  no build target found for /home/dgc7/proyects/scala/akka-fsm-example/src/main/scala/InventoryFSM.scala. Using presentation compiler with project's scala-library version: 3.3.3[0m
2024.08.01 11:56:39 INFO  no build target found for /home/dgc7/proyects/scala/akka-fsm-example/src/main/scala/InventoryFSM.scala. Using presentation compiler with project's scala-library version: 3.3.3[0m
2024.08.01 11:56:39 INFO  no build target found for /home/dgc7/proyects/scala/akka-fsm-example/src/main/scala/InventoryFSM.scala. Using presentation compiler with project's scala-library version: 3.3.3[0m
Aug 01, 2024 11:56:40 AM scala.meta.internal.pc.CompilerAccess handleError
SEVERE: A severe compiler error occurred, full details of the error can be found in the error report /home/dgc7/proyects/scala/akka-fsm-example/.metals/.reports/metals-full/2024-08-01/r_compiler-error_11-56-40-028.md
2024.08.01 11:56:39 INFO  no build target found for /home/dgc7/proyects/scala/akka-fsm-example/src/main/scala/InventoryFSM.scala. Using presentation compiler with project's scala-library version: 3.3.3[0m
Aug 01, 2024 11:56:40 AM scala.meta.internal.pc.CompilerAccess handleError
SEVERE: A severe compiler error occurred, full details of the error can be found in the error report /home/dgc7/proyects/scala/akka-fsm-example/.metals/.reports/metals-full/2024-08-01/r_compiler-error_11-56-40-162.md
2024.08.01 11:56:39 INFO  no build target found for /home/dgc7/proyects/scala/akka-fsm-example/src/main/scala/InventoryFSM.scala. Using presentation compiler with project's scala-library version: 3.3.3[0m
2024.08.01 11:56:40 INFO  no build target found for /home/dgc7/proyects/scala/akka-fsm-example/src/main/scala/InventoryFSM.scala. Using presentation compiler with project's scala-library version: 3.3.3[0m
Aug 01, 2024 11:56:40 AM scala.meta.internal.pc.CompilerAccess handleError
SEVERE: A severe compiler error occurred, full details of the error can be found in the error report /home/dgc7/proyects/scala/akka-fsm-example/.metals/.reports/metals-full/2024-08-01/r_compiler-error_11-56-40-357.md
2024.08.01 11:56:40 INFO  no build target found for /home/dgc7/proyects/scala/akka-fsm-example/src/main/scala/InventoryFSM.scala. Using presentation compiler with project's scala-library version: 3.3.3[0m
Aug 01, 2024 11:56:40 AM scala.meta.internal.pc.CompilerAccess handleError
SEVERE: A severe compiler error occurred, full details of the error can be found in the error report /home/dgc7/proyects/scala/akka-fsm-example/.metals/.reports/metals-full/2024-08-01/r_compiler-error_11-56-40-478.md
2024.08.01 11:56:40 INFO  no build target found for /home/dgc7/proyects/scala/akka-fsm-example/src/main/scala/InventoryFSM.scala. Using presentation compiler with project's scala-library version: 3.3.3[0m
2024.08.01 11:56:41 INFO  no build target found for /home/dgc7/proyects/scala/akka-fsm-example/src/main/scala/InventoryFSM.scala. Using presentation compiler with project's scala-library version: 3.3.3[0m
2024.08.01 11:56:40 INFO  no build target found for /home/dgc7/proyects/scala/akka-fsm-example/src/main/scala/InventoryFSM.scala. Using presentation compiler with project's scala-library version: 3.3.3[0m
Aug 01, 2024 11:56:41 AM scala.meta.internal.pc.CompilerAccess handleError
SEVERE: A severe compiler error occurred, full details of the error can be found in the error report /home/dgc7/proyects/scala/akka-fsm-example/.metals/.reports/metals-full/2024-08-01/r_compiler-error_11-56-41-259.md
2024.08.01 11:56:40 INFO  no build target found for /home/dgc7/proyects/scala/akka-fsm-example/src/main/scala/InventoryFSM.scala. Using presentation compiler with project's scala-library version: 3.3.3[0m
2024.08.01 11:56:41 INFO  no build target found for /home/dgc7/proyects/scala/akka-fsm-example/src/main/scala/InventoryFSM.scala. Using presentation compiler with project's scala-library version: 3.3.3[0m
Aug 01, 2024 11:56:41 AM scala.meta.internal.pc.CompilerAccess handleError
SEVERE: A severe compiler error occurred, full details of the error can be found in the error report /home/dgc7/proyects/scala/akka-fsm-example/.metals/.reports/metals-full/2024-08-01/r_compiler-error_11-56-41-404.md
2024.08.01 11:56:41 INFO  no build target found for /home/dgc7/proyects/scala/akka-fsm-example/src/main/scala/InventoryFSM.scala. Using presentation compiler with project's scala-library version: 3.3.3[0m
Aug 01, 2024 11:56:41 AM scala.meta.internal.pc.CompilerAccess handleError
SEVERE: A severe compiler error occurred, full details of the error can be found in the error report /home/dgc7/proyects/scala/akka-fsm-example/.metals/.reports/metals-full/2024-08-01/r_compiler-error_11-56-41-533.md
2024.08.01 11:56:41 INFO  no build target found for /home/dgc7/proyects/scala/akka-fsm-example/src/main/scala/InventoryFSM.scala. Using presentation compiler with project's scala-library version: 3.3.3[0m
2024.08.01 11:56:41 INFO  no build target found for /home/dgc7/proyects/scala/akka-fsm-example/src/main/scala/InventoryFSM.scala. Using presentation compiler with project's scala-library version: 3.3.3[0m
Aug 01, 2024 11:56:41 AM scala.meta.internal.pc.CompilerAccess handleError
SEVERE: A severe compiler error occurred, full details of the error can be found in the error report /home/dgc7/proyects/scala/akka-fsm-example/.metals/.reports/metals-full/2024-08-01/r_compiler-error_11-56-41-730.md
2024.08.01 11:56:41 INFO  no build target found for /home/dgc7/proyects/scala/akka-fsm-example/src/main/scala/InventoryFSM.scala. Using presentation compiler with project's scala-library version: 3.3.3[0m
Aug 01, 2024 11:56:41 AM scala.meta.internal.pc.CompilerAccess handleError
SEVERE: A severe compiler error occurred, full details of the error can be found in the error report /home/dgc7/proyects/scala/akka-fsm-example/.metals/.reports/metals-full/2024-08-01/r_compiler-error_11-56-41-861.md
2024.08.01 11:56:41 INFO  no build target found for /home/dgc7/proyects/scala/akka-fsm-example/src/main/scala/InventoryFSM.scala. Using presentation compiler with project's scala-library version: 3.3.3[0m
2024.08.01 11:56:41 INFO  no build target found for /home/dgc7/proyects/scala/akka-fsm-example/src/test/scala/InventoryFSMTest.scala. Using presentation compiler with project's scala-library version: 3.3.3[0m
2024.08.01 11:56:41 INFO  no build target found for /home/dgc7/proyects/scala/akka-fsm-example/src/test/scala/InventoryFSMTest.scala. Using presentation compiler with project's scala-library version: 3.3.3[0m
2024.08.01 11:56:42 INFO  no build target found for /home/dgc7/proyects/scala/akka-fsm-example/src/test/scala/InventoryFSMTest.scala. Using presentation compiler with project's scala-library version: 3.3.3[0m
2024.08.01 11:56:42 INFO  no build target found for /home/dgc7/proyects/scala/akka-fsm-example/src/test/scala/InventoryFSMTest.scala. Using presentation compiler with project's scala-library version: 3.3.3[0m
2024.08.01 11:56:46 INFO  no build target found for /home/dgc7/proyects/scala/akka-fsm-example/src/test/scala/InventoryFSMTest.scala. Using presentation compiler with project's scala-library version: 3.3.3[0m
2024.08.01 11:56:46 INFO  no build target found for /home/dgc7/proyects/scala/akka-fsm-example/src/test/scala/InventoryFSMTest.scala. Using presentation compiler with project's scala-library version: 3.3.3[0m
2024.08.01 11:56:46 INFO  no build target found for /home/dgc7/proyects/scala/akka-fsm-example/src/test/scala/InventoryFSMTest.scala. Using presentation compiler with project's scala-library version: 3.3.3[0m
2024.08.01 11:56:46 WARN  Could not find semantic tokens for: file:///home/dgc7/proyects/scala/akka-fsm-example/src/test/scala/InventoryFSMTest.scala[0m
2024.08.01 11:56:46 WARN  no build target for: /home/dgc7/proyects/scala/akka-fsm-example/src/test/scala/InventoryFSMTest.scala[0m
2024.08.01 11:56:46 INFO  no build target found for /home/dgc7/proyects/scala/akka-fsm-example/src/test/scala/InventoryFSMTest.scala. Using presentation compiler with project's scala-library version: 3.3.3[0m
2024.08.01 11:56:46 WARN  Could not find semantic tokens for: file:///home/dgc7/proyects/scala/akka-fsm-example/src/test/scala/InventoryFSMTest.scala[0m
2024.08.01 11:56:48 INFO  no build target found for /home/dgc7/proyects/scala/akka-fsm-example/src/main/scala/InventoryFSM.scala. Using presentation compiler with project's scala-library version: 3.3.3[0m
2024.08.01 11:56:48 INFO  no build target found for /home/dgc7/proyects/scala/akka-fsm-example/src/main/scala/InventoryFSM.scala. Using presentation compiler with project's scala-library version: 3.3.3[0m
Aug 01, 2024 11:56:48 AM scala.meta.internal.pc.CompilerAccess handleError
SEVERE: A severe compiler error occurred, full details of the error can be found in the error report /home/dgc7/proyects/scala/akka-fsm-example/.metals/.reports/metals-full/2024-08-01/r_compiler-error_11-56-48-211.md
2024.08.01 11:56:48 INFO  no build target found for /home/dgc7/proyects/scala/akka-fsm-example/src/main/scala/InventoryFSM.scala. Using presentation compiler with project's scala-library version: 3.3.3[0m
2024.08.01 11:56:48 WARN  no build target for: /home/dgc7/proyects/scala/akka-fsm-example/src/main/scala/InventoryFSM.scala[0m
2024.08.01 11:56:48 INFO  no build target found for /home/dgc7/proyects/scala/akka-fsm-example/src/main/scala/InventoryFSM.scala. Using presentation compiler with project's scala-library version: 3.3.3[0m
Aug 01, 2024 11:56:48 AM scala.meta.internal.pc.CompilerAccess handleError
SEVERE: A severe compiler error occurred, full details of the error can be found in the error report /home/dgc7/proyects/scala/akka-fsm-example/.metals/.reports/metals-full/2024-08-01/r_compiler-error_11-56-48-549.md
2024.08.01 11:56:48 INFO  no build target found for /home/dgc7/proyects/scala/akka-fsm-example/src/main/scala/InventoryFSM.scala. Using presentation compiler with project's scala-library version: 3.3.3[0m
Aug 01, 2024 11:56:48 AM scala.meta.internal.pc.CompilerAccess handleError
SEVERE: A severe compiler error occurred, full details of the error can be found in the error report /home/dgc7/proyects/scala/akka-fsm-example/.metals/.reports/metals-full/2024-08-01/r_compiler-error_11-56-48-651.md
2024.08.01 11:56:48 INFO  no build target found for /home/dgc7/proyects/scala/akka-fsm-example/src/main/scala/InventoryFSM.scala. Using presentation compiler with project's scala-library version: 3.3.3[0m
Aug 01, 2024 11:56:48 AM scala.meta.internal.pc.CompilerAccess handleError
SEVERE: A severe compiler error occurred, full details of the error can be found in the error report /home/dgc7/proyects/scala/akka-fsm-example/.metals/.reports/metals-full/2024-08-01/r_compiler-error_11-56-48-766.md
2024.08.01 11:56:48 INFO  no build target found for /home/dgc7/proyects/scala/akka-fsm-example/src/main/scala/InventoryFSM.scala. Using presentation compiler with project's scala-library version: 3.3.3[0m
2024.08.01 11:56:48 INFO  no build target found for /home/dgc7/proyects/scala/akka-fsm-example/src/main/scala/InventoryFSM.scala. Using presentation compiler with project's scala-library version: 3.3.3[0m
2024.08.01 11:56:51 INFO  no build target found for /home/dgc7/proyects/scala/akka-fsm-example/src/main/scala/InventoryFSM.scala. Using presentation compiler with project's scala-library version: 3.3.3[0m
2024.08.01 11:56:51 INFO  no build target found for /home/dgc7/proyects/scala/akka-fsm-example/src/main/scala/InventoryFSM.scala. Using presentation compiler with project's scala-library version: 3.3.3[0m
2024.08.01 11:56:52 INFO  no build target found for /home/dgc7/proyects/scala/akka-fsm-example/src/main/scala/InventoryFSM.scala. Using presentation compiler with project's scala-library version: 3.3.3[0m
Aug 01, 2024 11:56:52 AM scala.meta.internal.pc.CompilerAccess handleError
SEVERE: A severe compiler error occurred, full details of the error can be found in the error report /home/dgc7/proyects/scala/akka-fsm-example/.metals/.reports/metals-full/2024-08-01/r_compiler-error_11-56-52-912.md
2024.08.01 11:56:52 INFO  no build target found for /home/dgc7/proyects/scala/akka-fsm-example/src/main/scala/InventoryFSM.scala. Using presentation compiler with project's scala-library version: 3.3.3[0m
2024.08.01 11:56:53 INFO  no build target found for /home/dgc7/proyects/scala/akka-fsm-example/src/main/scala/InventoryFSM.scala. Using presentation compiler with project's scala-library version: 3.3.3[0m
Aug 01, 2024 11:56:53 AM scala.meta.internal.pc.CompilerAccess handleError
SEVERE: A severe compiler error occurred, full details of the error can be found in the error report /home/dgc7/proyects/scala/akka-fsm-example/.metals/.reports/metals-full/2024-08-01/r_compiler-error_11-56-53-077.md
2024.08.01 11:56:53 INFO  no build target found for /home/dgc7/proyects/scala/akka-fsm-example/src/main/scala/InventoryFSM.scala. Using presentation compiler with project's scala-library version: 3.3.3[0m
Aug 01, 2024 11:56:53 AM scala.meta.internal.pc.CompilerAccess handleError
SEVERE: A severe compiler error occurred, full details of the error can be found in the error report /home/dgc7/proyects/scala/akka-fsm-example/.metals/.reports/metals-full/2024-08-01/r_compiler-error_11-56-53-214.md
2024.08.01 11:56:53 INFO  no build target found for /home/dgc7/proyects/scala/akka-fsm-example/src/main/scala/InventoryFSM.scala. Using presentation compiler with project's scala-library version: 3.3.3[0m
2024.08.01 11:56:53 INFO  no build target found for /home/dgc7/proyects/scala/akka-fsm-example/src/main/scala/InventoryFSM.scala. Using presentation compiler with project's scala-library version: 3.3.3[0m
Aug 01, 2024 11:56:53 AM scala.meta.internal.pc.CompilerAccess handleError
SEVERE: A severe compiler error occurred, full details of the error can be found in the error report /home/dgc7/proyects/scala/akka-fsm-example/.metals/.reports/metals-full/2024-08-01/r_compiler-error_11-56-53-356.md
2024.08.01 11:56:53 INFO  no build target found for /home/dgc7/proyects/scala/akka-fsm-example/src/main/scala/InventoryFSM.scala. Using presentation compiler with project's scala-library version: 3.3.3[0m
2024.08.01 11:56:53 INFO  no build target found for /home/dgc7/proyects/scala/akka-fsm-example/src/main/scala/InventoryFSM.scala. Using presentation compiler with project's scala-library version: 3.3.3[0m
Aug 01, 2024 11:56:53 AM scala.meta.internal.pc.CompilerAccess handleError
SEVERE: A severe compiler error occurred, full details of the error can be found in the error report /home/dgc7/proyects/scala/akka-fsm-example/.metals/.reports/metals-full/2024-08-01/r_compiler-error_11-56-53-444.md
2024.08.01 11:56:53 INFO  no build target found for /home/dgc7/proyects/scala/akka-fsm-example/src/main/scala/InventoryFSM.scala. Using presentation compiler with project's scala-library version: 3.3.3[0m
Aug 01, 2024 11:56:53 AM scala.meta.internal.pc.CompilerAccess handleError
SEVERE: A severe compiler error occurred, full details of the error can be found in the error report /home/dgc7/proyects/scala/akka-fsm-example/.metals/.reports/metals-full/2024-08-01/r_compiler-error_11-56-53-532.md
2024.08.01 11:56:52 INFO  no build target found for /home/dgc7/proyects/scala/akka-fsm-example/src/main/scala/InventoryFSM.scala. Using presentation compiler with project's scala-library version: 3.3.3[0m
Aug 01, 2024 11:56:53 AM scala.meta.internal.pc.CompilerAccess handleError
SEVERE: A severe compiler error occurred, full details of the error can be found in the error report /home/dgc7/proyects/scala/akka-fsm-example/.metals/.reports/metals-full/2024-08-01/r_compiler-error_11-56-53-625.md
2024.08.01 11:56:52 INFO  no build target found for /home/dgc7/proyects/scala/akka-fsm-example/src/main/scala/InventoryFSM.scala. Using presentation compiler with project's scala-library version: 3.3.3[0m
2024.08.01 11:56:53 INFO  no build target found for /home/dgc7/proyects/scala/akka-fsm-example/src/main/scala/InventoryFSM.scala. Using presentation compiler with project's scala-library version: 3.3.3[0m
2024.08.01 11:56:54 INFO  no build target found for /home/dgc7/proyects/scala/akka-fsm-example/src/main/scala/InventoryFSM.scala. Using presentation compiler with project's scala-library version: 3.3.3[0m
Aug 01, 2024 11:56:54 AM scala.meta.internal.pc.CompilerAccess handleError
SEVERE: A severe compiler error occurred, full details of the error can be found in the error report /home/dgc7/proyects/scala/akka-fsm-example/.metals/.reports/metals-full/2024-08-01/r_compiler-error_11-56-54-616.md
2024.08.01 11:56:54 INFO  no build target found for /home/dgc7/proyects/scala/akka-fsm-example/src/main/scala/InventoryFSM.scala. Using presentation compiler with project's scala-library version: 3.3.3[0m
Aug 01, 2024 11:56:54 AM scala.meta.internal.pc.CompilerAccess handleError
SEVERE: A severe compiler error occurred, full details of the error can be found in the error report /home/dgc7/proyects/scala/akka-fsm-example/.metals/.reports/metals-full/2024-08-01/r_compiler-error_11-56-54-798.md
2024.08.01 11:56:54 INFO  no build target found for /home/dgc7/proyects/scala/akka-fsm-example/src/main/scala/InventoryFSM.scala. Using presentation compiler with project's scala-library version: 3.3.3[0m
2024.08.01 11:56:54 INFO  no build target found for /home/dgc7/proyects/scala/akka-fsm-example/src/main/scala/InventoryFSM.scala. Using presentation compiler with project's scala-library version: 3.3.3[0m
Aug 01, 2024 11:56:55 AM scala.meta.internal.pc.CompilerAccess handleError
SEVERE: A severe compiler error occurred, full details of the error can be found in the error report /home/dgc7/proyects/scala/akka-fsm-example/.metals/.reports/metals-full/2024-08-01/r_compiler-error_11-56-55-007.md
2024.08.01 11:56:54 INFO  no build target found for /home/dgc7/proyects/scala/akka-fsm-example/src/main/scala/InventoryFSM.scala. Using presentation compiler with project's scala-library version: 3.3.3[0m
Aug 01, 2024 11:56:55 AM scala.meta.internal.pc.CompilerAccess handleError
SEVERE: A severe compiler error occurred, full details of the error can be found in the error report /home/dgc7/proyects/scala/akka-fsm-example/.metals/.reports/metals-full/2024-08-01/r_compiler-error_11-56-55-100.md
2024.08.01 11:56:54 INFO  no build target found for /home/dgc7/proyects/scala/akka-fsm-example/src/main/scala/InventoryFSM.scala. Using presentation compiler with project's scala-library version: 3.3.3[0m
2024.08.01 11:56:54 INFO  no build target found for /home/dgc7/proyects/scala/akka-fsm-example/src/main/scala/InventoryFSM.scala. Using presentation compiler with project's scala-library version: 3.3.3[0m
2024.08.01 11:56:55 INFO  no build target found for /home/dgc7/proyects/scala/akka-fsm-example/src/main/scala/InventoryFSM.scala. Using presentation compiler with project's scala-library version: 3.3.3[0m
2024.08.01 11:56:55 INFO  no build target found for /home/dgc7/proyects/scala/akka-fsm-example/src/main/scala/InventoryFSM.scala. Using presentation compiler with project's scala-library version: 3.3.3[0m
Aug 01, 2024 11:56:55 AM scala.meta.internal.pc.CompilerAccess handleError
SEVERE: A severe compiler error occurred, full details of the error can be found in the error report /home/dgc7/proyects/scala/akka-fsm-example/.metals/.reports/metals-full/2024-08-01/r_compiler-error_11-56-55-513.md
2024.08.01 11:56:55 INFO  no build target found for /home/dgc7/proyects/scala/akka-fsm-example/src/main/scala/InventoryFSM.scala. Using presentation compiler with project's scala-library version: 3.3.3[0m
2024.08.01 11:56:55 INFO  no build target found for /home/dgc7/proyects/scala/akka-fsm-example/src/main/scala/InventoryFSM.scala. Using presentation compiler with project's scala-library version: 3.3.3[0m
2024.08.01 11:56:55 INFO  no build target found for /home/dgc7/proyects/scala/akka-fsm-example/src/main/scala/InventoryFSM.scala. Using presentation compiler with project's scala-library version: 3.3.3[0m
Aug 01, 2024 11:56:55 AM scala.meta.internal.pc.CompilerAccess handleError
SEVERE: A severe compiler error occurred, full details of the error can be found in the error report /home/dgc7/proyects/scala/akka-fsm-example/.metals/.reports/metals-full/2024-08-01/r_compiler-error_11-56-55-990.md
2024.08.01 11:56:57 INFO  no build target found for /home/dgc7/proyects/scala/akka-fsm-example/src/main/scala/InventoryFSM.scala. Using presentation compiler with project's scala-library version: 3.3.3[0m
Aug 01, 2024 11:56:57 AM scala.meta.internal.pc.CompilerAccess handleError
SEVERE: A severe compiler error occurred, full details of the error can be found in the error report /home/dgc7/proyects/scala/akka-fsm-example/.metals/.reports/metals-full/2024-08-01/r_compiler-error_11-56-57-015.md
2024.08.01 11:56:57 INFO  no build target found for /home/dgc7/proyects/scala/akka-fsm-example/src/main/scala/InventoryFSM.scala. Using presentation compiler with project's scala-library version: 3.3.3[0m
Aug 01, 2024 11:56:57 AM scala.meta.internal.pc.CompilerAccess handleError
SEVERE: A severe compiler error occurred, full details of the error can be found in the error report /home/dgc7/proyects/scala/akka-fsm-example/.metals/.reports/metals-full/2024-08-01/r_compiler-error_11-56-57-131.md
2024.08.01 11:56:57 INFO  no build target found for /home/dgc7/proyects/scala/akka-fsm-example/src/main/scala/InventoryFSM.scala. Using presentation compiler with project's scala-library version: 3.3.3[0m
Aug 01, 2024 11:56:57 AM scala.meta.internal.pc.CompilerAccess handleError
SEVERE: A severe compiler error occurred, full details of the error can be found in the error report /home/dgc7/proyects/scala/akka-fsm-example/.metals/.reports/metals-full/2024-08-01/r_compiler-error_11-56-57-232.md
2024.08.01 11:56:57 INFO  no build target found for /home/dgc7/proyects/scala/akka-fsm-example/src/main/scala/InventoryFSM.scala. Using presentation compiler with project's scala-library version: 3.3.3[0m
2024.08.01 11:56:57 INFO  no build target found for /home/dgc7/proyects/scala/akka-fsm-example/src/main/scala/InventoryFSM.scala. Using presentation compiler with project's scala-library version: 3.3.3[0m
Aug 01, 2024 11:56:57 AM scala.meta.internal.pc.CompilerAccess handleError
SEVERE: A severe compiler error occurred, full details of the error can be found in the error report /home/dgc7/proyects/scala/akka-fsm-example/.metals/.reports/metals-full/2024-08-01/r_compiler-error_11-56-57-330.md
2024.08.01 11:56:57 INFO  no build target found for /home/dgc7/proyects/scala/akka-fsm-example/src/main/scala/InventoryFSM.scala. Using presentation compiler with project's scala-library version: 3.3.3[0m
Aug 01, 2024 11:56:57 AM scala.meta.internal.pc.CompilerAccess handleError
SEVERE: A severe compiler error occurred, full details of the error can be found in the error report /home/dgc7/proyects/scala/akka-fsm-example/.metals/.reports/metals-full/2024-08-01/r_compiler-error_11-56-57-475.md
2024.08.01 11:56:57 INFO  no build target found for /home/dgc7/proyects/scala/akka-fsm-example/src/main/scala/InventoryFSM.scala. Using presentation compiler with project's scala-library version: 3.3.3[0m
Aug 01, 2024 11:56:57 AM scala.meta.internal.pc.CompilerAccess handleError
SEVERE: A severe compiler error occurred, full details of the error can be found in the error report /home/dgc7/proyects/scala/akka-fsm-example/.metals/.reports/metals-full/2024-08-01/r_compiler-error_11-56-57-598.md
2024.08.01 11:56:57 INFO  no build target found for /home/dgc7/proyects/scala/akka-fsm-example/src/main/scala/InventoryFSM.scala. Using presentation compiler with project's scala-library version: 3.3.3[0m
2024.08.01 11:56:57 INFO  no build target found for /home/dgc7/proyects/scala/akka-fsm-example/src/main/scala/InventoryFSM.scala. Using presentation compiler with project's scala-library version: 3.3.3[0m
Aug 01, 2024 11:56:57 AM scala.meta.internal.pc.CompilerAccess handleError
SEVERE: A severe compiler error occurred, full details of the error can be found in the error report /home/dgc7/proyects/scala/akka-fsm-example/.metals/.reports/metals-full/2024-08-01/r_compiler-error_11-56-57-708.md
2024.08.01 11:56:57 INFO  no build target found for /home/dgc7/proyects/scala/akka-fsm-example/src/main/scala/InventoryFSM.scala. Using presentation compiler with project's scala-library version: 3.3.3[0m
Aug 01, 2024 11:56:57 AM scala.meta.internal.pc.CompilerAccess handleError
SEVERE: A severe compiler error occurred, full details of the error can be found in the error report /home/dgc7/proyects/scala/akka-fsm-example/.metals/.reports/metals-full/2024-08-01/r_compiler-error_11-56-57-819.md
2024.08.01 11:56:57 INFO  no build target found for /home/dgc7/proyects/scala/akka-fsm-example/src/main/scala/InventoryFSM.scala. Using presentation compiler with project's scala-library version: 3.3.3[0m
2024.08.01 11:56:57 INFO  no build target found for /home/dgc7/proyects/scala/akka-fsm-example/src/main/scala/InventoryFSM.scala. Using presentation compiler with project's scala-library version: 3.3.3[0m
Aug 01, 2024 11:56:57 AM scala.meta.internal.pc.CompilerAccess handleError
SEVERE: A severe compiler error occurred, full details of the error can be found in the error report /home/dgc7/proyects/scala/akka-fsm-example/.metals/.reports/metals-full/2024-08-01/r_compiler-error_11-56-57-998.md
2024.08.01 11:56:57 INFO  no build target found for /home/dgc7/proyects/scala/akka-fsm-example/src/main/scala/InventoryFSM.scala. Using presentation compiler with project's scala-library version: 3.3.3[0m
Aug 01, 2024 11:56:58 AM scala.meta.internal.pc.CompilerAccess handleError
SEVERE: A severe compiler error occurred, full details of the error can be found in the error report /home/dgc7/proyects/scala/akka-fsm-example/.metals/.reports/metals-full/2024-08-01/r_compiler-error_11-56-58-090.md
2024.08.01 11:56:58 INFO  no build target found for /home/dgc7/proyects/scala/akka-fsm-example/src/main/scala/InventoryFSM.scala. Using presentation compiler with project's scala-library version: 3.3.3[0m
2024.08.01 11:56:58 INFO  no build target found for /home/dgc7/proyects/scala/akka-fsm-example/src/main/scala/InventoryFSM.scala. Using presentation compiler with project's scala-library version: 3.3.3[0m
2024.08.01 11:56:58 INFO  no build target found for /home/dgc7/proyects/scala/akka-fsm-example/src/main/scala/InventoryFSM.scala. Using presentation compiler with project's scala-library version: 3.3.3[0m
Aug 01, 2024 11:56:58 AM scala.meta.internal.pc.CompilerAccess handleError
SEVERE: A severe compiler error occurred, full details of the error can be found in the error report /home/dgc7/proyects/scala/akka-fsm-example/.metals/.reports/metals-full/2024-08-01/r_compiler-error_11-56-58-246.md
2024.08.01 11:56:58 INFO  no build target found for /home/dgc7/proyects/scala/akka-fsm-example/src/main/scala/InventoryFSM.scala. Using presentation compiler with project's scala-library version: 3.3.3[0m
Aug 01, 2024 11:56:58 AM scala.meta.internal.pc.CompilerAccess handleError
SEVERE: A severe compiler error occurred, full details of the error can be found in the error report /home/dgc7/proyects/scala/akka-fsm-example/.metals/.reports/metals-full/2024-08-01/r_compiler-error_11-56-58-339.md
2024.08.01 11:56:58 INFO  no build target found for /home/dgc7/proyects/scala/akka-fsm-example/src/main/scala/InventoryFSM.scala. Using presentation compiler with project's scala-library version: 3.3.3[0m
2024.08.01 11:56:58 INFO  no build target found for /home/dgc7/proyects/scala/akka-fsm-example/src/main/scala/InventoryFSM.scala. Using presentation compiler with project's scala-library version: 3.3.3[0m
Aug 01, 2024 11:56:58 AM scala.meta.internal.pc.CompilerAccess handleError
SEVERE: A severe compiler error occurred, full details of the error can be found in the error report /home/dgc7/proyects/scala/akka-fsm-example/.metals/.reports/metals-full/2024-08-01/r_compiler-error_11-56-58-677.md
2024.08.01 11:56:58 INFO  no build target found for /home/dgc7/proyects/scala/akka-fsm-example/src/main/scala/InventoryFSM.scala. Using presentation compiler with project's scala-library version: 3.3.3[0m
Aug 01, 2024 11:56:58 AM scala.meta.internal.pc.CompilerAccess handleError
SEVERE: A severe compiler error occurred, full details of the error can be found in the error report /home/dgc7/proyects/scala/akka-fsm-example/.metals/.reports/metals-full/2024-08-01/r_compiler-error_11-56-58-852.md
2024.08.01 11:56:58 INFO  no build target found for /home/dgc7/proyects/scala/akka-fsm-example/src/main/scala/InventoryFSM.scala. Using presentation compiler with project's scala-library version: 3.3.3[0m
2024.08.01 11:56:58 INFO  no build target found for /home/dgc7/proyects/scala/akka-fsm-example/src/main/scala/InventoryFSM.scala. Using presentation compiler with project's scala-library version: 3.3.3[0m
2024.08.01 11:57:00 INFO  no build target found for /home/dgc7/proyects/scala/akka-fsm-example/src/main/scala/InventoryFSM.scala. Using presentation compiler with project's scala-library version: 3.3.3[0m
2024.08.01 11:57:00 INFO  no build target found for /home/dgc7/proyects/scala/akka-fsm-example/src/main/scala/InventoryFSM.scala. Using presentation compiler with project's scala-library version: 3.3.3[0m
Aug 01, 2024 11:57:00 AM scala.meta.internal.pc.CompilerAccess handleError
SEVERE: A severe compiler error occurred, full details of the error can be found in the error report /home/dgc7/proyects/scala/akka-fsm-example/.metals/.reports/metals-full/2024-08-01/r_compiler-error_11-57-00-247.md
2024.08.01 11:57:00 INFO  no build target found for /home/dgc7/proyects/scala/akka-fsm-example/src/main/scala/InventoryFSM.scala. Using presentation compiler with project's scala-library version: 3.3.3[0m
Aug 01, 2024 11:57:00 AM scala.meta.internal.pc.CompilerAccess handleError
SEVERE: A severe compiler error occurred, full details of the error can be found in the error report /home/dgc7/proyects/scala/akka-fsm-example/.metals/.reports/metals-full/2024-08-01/r_compiler-error_11-57-00-342.md
2024.08.01 11:57:00 INFO  no build target found for /home/dgc7/proyects/scala/akka-fsm-example/src/main/scala/InventoryFSM.scala. Using presentation compiler with project's scala-library version: 3.3.3[0m
Aug 01, 2024 11:57:00 AM scala.meta.internal.pc.CompilerAccess handleError
SEVERE: A severe compiler error occurred, full details of the error can be found in the error report /home/dgc7/proyects/scala/akka-fsm-example/.metals/.reports/metals-full/2024-08-01/r_compiler-error_11-57-00-429.md
2024.08.01 11:57:00 INFO  no build target found for /home/dgc7/proyects/scala/akka-fsm-example/src/main/scala/InventoryFSM.scala. Using presentation compiler with project's scala-library version: 3.3.3[0m
2024.08.01 11:57:00 INFO  no build target found for /home/dgc7/proyects/scala/akka-fsm-example/src/main/scala/InventoryFSM.scala. Using presentation compiler with project's scala-library version: 3.3.3[0m
Aug 01, 2024 11:57:00 AM scala.meta.internal.pc.CompilerAccess handleError
SEVERE: A severe compiler error occurred, full details of the error can be found in the error report /home/dgc7/proyects/scala/akka-fsm-example/.metals/.reports/metals-full/2024-08-01/r_compiler-error_11-57-00-512.md
2024.08.01 11:57:00 INFO  no build target found for /home/dgc7/proyects/scala/akka-fsm-example/src/main/scala/InventoryFSM.scala. Using presentation compiler with project's scala-library version: 3.3.3[0m
Aug 01, 2024 11:57:00 AM scala.meta.internal.pc.CompilerAccess handleError
SEVERE: A severe compiler error occurred, full details of the error can be found in the error report /home/dgc7/proyects/scala/akka-fsm-example/.metals/.reports/metals-full/2024-08-01/r_compiler-error_11-57-00-596.md
2024.08.01 11:57:00 INFO  no build target found for /home/dgc7/proyects/scala/akka-fsm-example/src/main/scala/InventoryFSM.scala. Using presentation compiler with project's scala-library version: 3.3.3[0m
2024.08.01 11:57:00 INFO  no build target found for /home/dgc7/proyects/scala/akka-fsm-example/src/main/scala/InventoryFSM.scala. Using presentation compiler with project's scala-library version: 3.3.3[0m
2024.08.01 11:57:01 INFO  no build target found for /home/dgc7/proyects/scala/akka-fsm-example/src/main/scala/InventoryFSM.scala. Using presentation compiler with project's scala-library version: 3.3.3[0m
Aug 01, 2024 11:57:01 AM scala.meta.internal.pc.CompilerAccess handleError
SEVERE: A severe compiler error occurred, full details of the error can be found in the error report /home/dgc7/proyects/scala/akka-fsm-example/.metals/.reports/metals-full/2024-08-01/r_compiler-error_11-57-01-630.md
2024.08.01 11:57:01 INFO  no build target found for /home/dgc7/proyects/scala/akka-fsm-example/src/main/scala/InventoryFSM.scala. Using presentation compiler with project's scala-library version: 3.3.3[0m
Aug 01, 2024 11:57:01 AM scala.meta.internal.pc.CompilerAccess handleError
SEVERE: A severe compiler error occurred, full details of the error can be found in the error report /home/dgc7/proyects/scala/akka-fsm-example/.metals/.reports/metals-full/2024-08-01/r_compiler-error_11-57-01-767.md
2024.08.01 11:57:01 INFO  no build target found for /home/dgc7/proyects/scala/akka-fsm-example/src/main/scala/InventoryFSM.scala. Using presentation compiler with project's scala-library version: 3.3.3[0m
Aug 01, 2024 11:57:01 AM scala.meta.internal.pc.CompilerAccess handleError
SEVERE: A severe compiler error occurred, full details of the error can be found in the error report /home/dgc7/proyects/scala/akka-fsm-example/.metals/.reports/metals-full/2024-08-01/r_compiler-error_11-57-01-858.md
2024.08.01 11:57:01 INFO  no build target found for /home/dgc7/proyects/scala/akka-fsm-example/src/main/scala/InventoryFSM.scala. Using presentation compiler with project's scala-library version: 3.3.3[0m
2024.08.01 11:57:02 INFO  no build target found for /home/dgc7/proyects/scala/akka-fsm-example/src/main/scala/InventoryFSM.scala. Using presentation compiler with project's scala-library version: 3.3.3[0m
Aug 01, 2024 11:57:02 AM scala.meta.internal.pc.CompilerAccess handleError
SEVERE: A severe compiler error occurred, full details of the error can be found in the error report /home/dgc7/proyects/scala/akka-fsm-example/.metals/.reports/metals-full/2024-08-01/r_compiler-error_11-57-02-942.md
2024.08.01 11:57:02 INFO  no build target found for /home/dgc7/proyects/scala/akka-fsm-example/src/main/scala/InventoryFSM.scala. Using presentation compiler with project's scala-library version: 3.3.3[0m
Aug 01, 2024 11:57:03 AM scala.meta.internal.pc.CompilerAccess handleError
SEVERE: A severe compiler error occurred, full details of the error can be found in the error report /home/dgc7/proyects/scala/akka-fsm-example/.metals/.reports/metals-full/2024-08-01/r_compiler-error_11-57-03-030.md
2024.08.01 11:57:02 INFO  no build target found for /home/dgc7/proyects/scala/akka-fsm-example/src/main/scala/InventoryFSM.scala. Using presentation compiler with project's scala-library version: 3.3.3[0m
2024.08.01 11:57:03 INFO  no build target found for /home/dgc7/proyects/scala/akka-fsm-example/src/main/scala/InventoryFSM.scala. Using presentation compiler with project's scala-library version: 3.3.3[0m
Aug 01, 2024 11:57:03 AM scala.meta.internal.pc.CompilerAccess handleError
SEVERE: A severe compiler error occurred, full details of the error can be found in the error report /home/dgc7/proyects/scala/akka-fsm-example/.metals/.reports/metals-full/2024-08-01/r_compiler-error_11-57-03-177.md
2024.08.01 11:57:03 WARN  no build target for: /home/dgc7/proyects/scala/akka-fsm-example/src/main/scala/InventoryFSM.scala[0m
2024.08.01 11:57:03 INFO  no build target found for /home/dgc7/proyects/scala/akka-fsm-example/src/main/scala/InventoryFSM.scala. Using presentation compiler with project's scala-library version: 3.3.3[0m
2024.08.01 11:57:03 INFO  no build target found for /home/dgc7/proyects/scala/akka-fsm-example/src/main/scala/InventoryFSM.scala. Using presentation compiler with project's scala-library version: 3.3.3[0m
Aug 01, 2024 11:57:03 AM scala.meta.internal.pc.CompilerAccess handleError
SEVERE: A severe compiler error occurred, full details of the error can be found in the error report /home/dgc7/proyects/scala/akka-fsm-example/.metals/.reports/metals-full/2024-08-01/r_compiler-error_11-57-03-417.md
2024.08.01 11:59:22 INFO  no build target found for /home/dgc7/proyects/scala/akka-fsm-example/src/main/scala/InventoryFSM.scala. Using presentation compiler with project's scala-library version: 3.3.3[0m
Aug 01, 2024 11:59:22 AM scala.meta.internal.pc.CompilerAccess handleError
SEVERE: A severe compiler error occurred, full details of the error can be found in the error report /home/dgc7/proyects/scala/akka-fsm-example/.metals/.reports/metals-full/2024-08-01/r_compiler-error_11-59-22-712.md
2024.08.01 11:59:24 INFO  no build target found for /home/dgc7/proyects/scala/akka-fsm-example/src/main/scala/InventoryFSM.scala. Using presentation compiler with project's scala-library version: 3.3.3[0m
Aug 01, 2024 11:59:24 AM scala.meta.internal.pc.CompilerAccess handleError
SEVERE: A severe compiler error occurred, full details of the error can be found in the error report /home/dgc7/proyects/scala/akka-fsm-example/.metals/.reports/metals-full/2024-08-01/r_compiler-error_11-59-24-570.md
2024.08.01 11:59:24 INFO  no build target found for /home/dgc7/proyects/scala/akka-fsm-example/src/main/scala/InventoryFSM.scala. Using presentation compiler with project's scala-library version: 3.3.3[0m
Aug 01, 2024 11:59:25 AM scala.meta.internal.pc.CompilerAccess handleError
SEVERE: A severe compiler error occurred, full details of the error can be found in the error report /home/dgc7/proyects/scala/akka-fsm-example/.metals/.reports/metals-full/2024-08-01/r_compiler-error_11-59-25-018.md
2024.08.01 11:59:25 INFO  no build target found for /home/dgc7/proyects/scala/akka-fsm-example/src/main/scala/InventoryFSM.scala. Using presentation compiler with project's scala-library version: 3.3.3[0m
2024.08.01 11:59:25 INFO  no build target found for /home/dgc7/proyects/scala/akka-fsm-example/src/main/scala/InventoryFSM.scala. Using presentation compiler with project's scala-library version: 3.3.3[0m
2024.08.01 11:59:27 INFO  no build target found for /home/dgc7/proyects/scala/akka-fsm-example/src/main/scala/InventoryFSM.scala. Using presentation compiler with project's scala-library version: 3.3.3[0m
2024.08.01 11:59:27 INFO  no build target found for /home/dgc7/proyects/scala/akka-fsm-example/src/main/scala/InventoryFSM.scala. Using presentation compiler with project's scala-library version: 3.3.3[0m
2024.08.01 11:59:29 INFO  no build target found for /home/dgc7/proyects/scala/akka-fsm-example/src/main/scala/InventoryFSM.scala. Using presentation compiler with project's scala-library version: 3.3.3[0m
2024.08.01 11:59:29 INFO  no build target found for /home/dgc7/proyects/scala/akka-fsm-example/src/main/scala/InventoryFSM.scala. Using presentation compiler with project's scala-library version: 3.3.3[0m
Aug 01, 2024 11:59:29 AM scala.meta.internal.pc.CompilerAccess handleError
SEVERE: A severe compiler error occurred, full details of the error can be found in the error report /home/dgc7/proyects/scala/akka-fsm-example/.metals/.reports/metals-full/2024-08-01/r_compiler-error_11-59-29-270.md
2024.08.01 11:59:29 INFO  no build target found for /home/dgc7/proyects/scala/akka-fsm-example/src/main/scala/InventoryFSM.scala. Using presentation compiler with project's scala-library version: 3.3.3[0m
2024.08.01 11:59:30 INFO  no build target found for /home/dgc7/proyects/scala/akka-fsm-example/src/main/scala/InventoryFSM.scala. Using presentation compiler with project's scala-library version: 3.3.3[0m
2024.08.01 11:59:30 INFO  no build target found for /home/dgc7/proyects/scala/akka-fsm-example/src/main/scala/InventoryFSM.scala. Using presentation compiler with project's scala-library version: 3.3.3[0m
Aug 01, 2024 11:59:31 AM scala.meta.internal.pc.CompilerAccess handleError
SEVERE: A severe compiler error occurred, full details of the error can be found in the error report /home/dgc7/proyects/scala/akka-fsm-example/.metals/.reports/metals-full/2024-08-01/r_compiler-error_11-59-31-245.md
2024.08.01 11:59:31 INFO  no build target found for /home/dgc7/proyects/scala/akka-fsm-example/src/main/scala/InventoryFSM.scala. Using presentation compiler with project's scala-library version: 3.3.3[0m
Aug 01, 2024 11:59:31 AM scala.meta.internal.pc.CompilerAccess handleError
SEVERE: A severe compiler error occurred, full details of the error can be found in the error report /home/dgc7/proyects/scala/akka-fsm-example/.metals/.reports/metals-full/2024-08-01/r_compiler-error_11-59-31-403.md
2024.08.01 11:59:31 INFO  no build target found for /home/dgc7/proyects/scala/akka-fsm-example/src/main/scala/InventoryFSM.scala. Using presentation compiler with project's scala-library version: 3.3.3[0m
2024.08.01 11:59:31 WARN  no build target for: /home/dgc7/proyects/scala/akka-fsm-example/src/main/scala/InventoryFSM.scala[0m
2024.08.01 11:59:31 INFO  no build target found for /home/dgc7/proyects/scala/akka-fsm-example/src/main/scala/InventoryFSM.scala. Using presentation compiler with project's scala-library version: 3.3.3[0m
Aug 01, 2024 11:59:31 AM scala.meta.internal.pc.CompilerAccess handleError
SEVERE: A severe compiler error occurred, full details of the error can be found in the error report /home/dgc7/proyects/scala/akka-fsm-example/.metals/.reports/metals-full/2024-08-01/r_compiler-error_11-59-31-788.md
2024.08.01 11:59:31 INFO  no build target found for /home/dgc7/proyects/scala/akka-fsm-example/src/main/scala/InventoryFSM.scala. Using presentation compiler with project's scala-library version: 3.3.3[0m
2024.08.01 11:59:32 INFO  no build target found for /home/dgc7/proyects/scala/akka-fsm-example/src/main/scala/InventoryFSM.scala. Using presentation compiler with project's scala-library version: 3.3.3[0m
2024.08.01 11:59:32 INFO  no build target found for /home/dgc7/proyects/scala/akka-fsm-example/src/main/scala/InventoryFSM.scala. Using presentation compiler with project's scala-library version: 3.3.3[0m
2024.08.01 12:02:39 INFO  no build target found for /home/dgc7/proyects/scala/akka-fsm-example/src/main/scala/InventoryFSM.scala. Using presentation compiler with project's scala-library version: 3.3.3[0m
2024.08.01 12:02:39 INFO  no build target found for /home/dgc7/proyects/scala/akka-fsm-example/src/main/scala/InventoryFSM.scala. Using presentation compiler with project's scala-library version: 3.3.3[0m
2024.08.01 12:02:39 INFO  no build target found for /home/dgc7/proyects/scala/akka-fsm-example/src/main/scala/InventoryFSM.scala. Using presentation compiler with project's scala-library version: 3.3.3[0m
Aug 01, 2024 12:02:39 PM scala.meta.internal.pc.CompilerAccess handleError
SEVERE: A severe compiler error occurred, full details of the error can be found in the error report /home/dgc7/proyects/scala/akka-fsm-example/.metals/.reports/metals-full/2024-08-01/r_compiler-error_12-02-39-741.md
2024.08.01 12:03:09 INFO  no build target found for /home/dgc7/proyects/scala/akka-fsm-example/src/main/scala/InventoryFSM.scala. Using presentation compiler with project's scala-library version: 3.3.3[0m
2024.08.01 12:03:10 INFO  no build target found for /home/dgc7/proyects/scala/akka-fsm-example/src/main/scala/InventoryFSM.scala. Using presentation compiler with project's scala-library version: 3.3.3[0m
2024.08.01 12:03:10 INFO  no build target found for /home/dgc7/proyects/scala/akka-fsm-example/src/main/scala/InventoryFSM.scala. Using presentation compiler with project's scala-library version: 3.3.3[0m
Aug 01, 2024 12:03:10 PM scala.meta.internal.pc.CompilerAccess handleError
SEVERE: A severe compiler error occurred, full details of the error can be found in the error report /home/dgc7/proyects/scala/akka-fsm-example/.metals/.reports/metals-full/2024-08-01/r_compiler-error_12-03-10-556.md
2024.08.01 12:05:19 INFO  no build target found for /home/dgc7/proyects/scala/akka-fsm-example/src/main/scala/InventoryFSM.scala. Using presentation compiler with project's scala-library version: 3.3.3[0m
2024.08.01 12:05:19 INFO  no build target found for /home/dgc7/proyects/scala/akka-fsm-example/src/main/scala/InventoryFSM.scala. Using presentation compiler with project's scala-library version: 3.3.3[0m
2024.08.01 12:05:19 INFO  no build target found for /home/dgc7/proyects/scala/akka-fsm-example/src/main/scala/InventoryFSM.scala. Using presentation compiler with project's scala-library version: 3.3.3[0m
Aug 01, 2024 12:05:19 PM scala.meta.internal.pc.CompilerAccess handleError
SEVERE: A severe compiler error occurred, full details of the error can be found in the error report /home/dgc7/proyects/scala/akka-fsm-example/.metals/.reports/metals-full/2024-08-01/r_compiler-error_12-05-19-541.md
2024.08.01 12:05:30 INFO  no build target found for /home/dgc7/proyects/scala/akka-fsm-example/src/main/scala/InventoryFSM.scala. Using presentation compiler with project's scala-library version: 3.3.3[0m
2024.08.01 12:05:31 INFO  no build target found for /home/dgc7/proyects/scala/akka-fsm-example/src/main/scala/InventoryFSM.scala. Using presentation compiler with project's scala-library version: 3.3.3[0m
Aug 01, 2024 12:05:31 PM scala.meta.internal.pc.CompilerAccess handleError
SEVERE: A severe compiler error occurred, full details of the error can be found in the error report /home/dgc7/proyects/scala/akka-fsm-example/.metals/.reports/metals-full/2024-08-01/r_compiler-error_12-05-31-083.md
2024.08.01 12:06:57 INFO  no build target found for /home/dgc7/proyects/scala/akka-fsm-example/src/main/scala/InventoryFSM.scala. Using presentation compiler with project's scala-library version: 3.3.3[0m
Aug 01, 2024 12:06:57 PM scala.meta.internal.pc.CompilerAccess handleError
SEVERE: A severe compiler error occurred, full details of the error can be found in the error report /home/dgc7/proyects/scala/akka-fsm-example/.metals/.reports/metals-full/2024-08-01/r_compiler-error_12-06-57-725.md
2024.08.01 12:12:14 INFO  no build target found for /home/dgc7/proyects/scala/akka-fsm-example/src/main/scala/InventoryFSM.scala. Using presentation compiler with project's scala-library version: 3.3.3[0m
2024.08.01 12:12:14 INFO  no build target found for /home/dgc7/proyects/scala/akka-fsm-example/src/main/scala/InventoryFSM.scala. Using presentation compiler with project's scala-library version: 3.3.3[0m
2024.08.01 12:12:14 INFO  no build target found for /home/dgc7/proyects/scala/akka-fsm-example/src/main/scala/InventoryFSM.scala. Using presentation compiler with project's scala-library version: 3.3.3[0m
Aug 01, 2024 12:12:14 PM scala.meta.internal.pc.CompilerAccess handleError
SEVERE: A severe compiler error occurred, full details of the error can be found in the error report /home/dgc7/proyects/scala/akka-fsm-example/.metals/.reports/metals-full/2024-08-01/r_compiler-error_12-12-14-637.md
